[ 2015-05-27T11:50:20+08:00 ] 127.0.0.1 /kuying/index.php/Shopping
INFO: [ app_init ] --START--
INFO: Run Behavior\BuildLiteBehavior [ RunTime:0.000000s ]
INFO: [ app_init ] --END-- [ RunTime:0.003000s ]
INFO: [ app_begin ] --START--
INFO: Run Behavior\ReadHtmlCacheBehavior [ RunTime:0.003001s ]
INFO: [ app_begin ] --END-- [ RunTime:0.003001s ]
NOTIC: [8192] mysql_connect(): The mysql extension is deprecated and will be removed in the future: use mysqli or PDO instead C:\wamp\www\kuying\ThinkPHP\Library\Think\Db\Driver\Mysql.class.php 第 52 行.
SQL: SHOW COLUMNS FROM `kuying_zone` [ RunTime:0.009001s ]
SQL: SELECT `CONTENT` FROM `kuying_zone` WHERE `LIST` = 1 LIMIT 1   [ RunTime:0.000000s ]
SQL: SHOW COLUMNS FROM `kuying_goods` [ RunTime:0.005000s ]
SQL: SELECT `id`,`TITLE`,`INFO_IMG` FROM `kuying_goods` WHERE `id` IN ('5','1','2','3','4','5')  [ RunTime:0.001000s ]
SQL: SELECT `id`,`TITLE`,`INFO_TXT`,`INFO_IMG`,`GOOD_SRC`,`DING`,`LOW`,`TIME` FROM `kuying_goods` WHERE `OR_INDEX` = 1 ORDER BY TIME desc  [ RunTime:0.000000s ]
SQL: SELECT `id`,`TITLE`,`INFO_TXT`,`INFO_IMG`,`GOOD_SRC`,`DING`,`LOW`,`TIME` FROM `kuying_goods` WHERE `OR_TOP` = 1 ORDER BY TIME desc  [ RunTime:0.000000s ]
SQL: SHOW COLUMNS FROM `kuying_goodlunbo` [ RunTime:0.004000s ]
SQL: SELECT `id`,`ZONE`,`GOOD_ID` FROM `kuying_goodlunbo` ORDER BY TIME desc  [ RunTime:0.000000s ]
SQL: SHOW COLUMNS FROM `kuying_99zone` [ RunTime:0.005000s ]
SQL: SELECT `GOOD_SRC` FROM `kuying_99zone` WHERE `id` = 3 LIMIT 1   [ RunTime:0.000000s ]
INFO: [ view_parse ] --START--
INFO: [ template_filter ] --START--
INFO: Run Behavior\ContentReplaceBehavior [ RunTime:0.001000s ]
INFO: [ template_filter ] --END-- [ RunTime:0.001000s ]
INFO: Run Behavior\ParseTemplateBehavior [ RunTime:0.060003s ]
INFO: [ view_parse ] --END-- [ RunTime:0.060003s ]
INFO: [ view_filter ] --START--
INFO: Run Behavior\WriteHtmlCacheBehavior [ RunTime:0.002001s ]
INFO: Run Behavior\TokenBuildBehavior [ RunTime:0.002000s ]
INFO: [ view_filter ] --END-- [ RunTime:0.004001s ]
INFO: [ app_end ] --START--
INFO: Run Behavior\ShowPageTraceBehavior [ RunTime:0.002000s ]
INFO: [ app_end ] --END-- [ RunTime:0.002000s ]
NOTIC: [8] Constant BIND_MODULE already defined C:\wamp\www\kuying\index.php 第 29 行.

[ 2015-05-27T11:53:18+08:00 ] 127.0.0.1 /kuying/index.php/Shopping
INFO: [ app_init ] --START--
INFO: Run Behavior\BuildLiteBehavior [ RunTime:0.000000s ]
INFO: [ app_init ] --END-- [ RunTime:0.001000s ]
INFO: [ app_begin ] --START--
INFO: Run Behavior\ReadHtmlCacheBehavior [ RunTime:0.001000s ]
INFO: [ app_begin ] --END-- [ RunTime:0.001000s ]
NOTIC: [8192] mysql_connect(): The mysql extension is deprecated and will be removed in the future: use mysqli or PDO instead C:\wamp\www\kuying\ThinkPHP\Library\Think\Db\Driver\Mysql.class.php 第 52 行.
SQL: SHOW COLUMNS FROM `kuying_zone` [ RunTime:0.003000s ]
SQL: SELECT `CONTENT` FROM `kuying_zone` WHERE `LIST` = 1 LIMIT 1   [ RunTime:0.000000s ]
SQL: SHOW COLUMNS FROM `kuying_goods` [ RunTime:0.004000s ]
SQL: SELECT `id`,`TITLE`,`INFO_IMG` FROM `kuying_goods` WHERE `id` IN ('5','1','2','3','4','5')  [ RunTime:0.001000s ]
SQL: SELECT `id`,`TITLE`,`INFO_TXT`,`INFO_IMG`,`GOOD_SRC`,`DING`,`LOW`,`TIME` FROM `kuying_goods` WHERE `OR_INDEX` = 1 ORDER BY TIME desc  [ RunTime:0.001000s ]
SQL: SELECT `id`,`TITLE`,`INFO_TXT`,`INFO_IMG`,`GOOD_SRC`,`DING`,`LOW`,`TIME` FROM `kuying_goods` WHERE `OR_TOP` = 1 ORDER BY TIME desc  [ RunTime:0.000000s ]
SQL: SHOW COLUMNS FROM `kuying_goodlunbo` [ RunTime:0.004001s ]
SQL: SELECT `id`,`ZONE`,`GOOD_ID` FROM `kuying_goodlunbo` ORDER BY TIME desc  [ RunTime:0.001000s ]
SQL: SHOW COLUMNS FROM `kuying_99zone` [ RunTime:0.003000s ]
SQL: SELECT `GOOD_SRC` FROM `kuying_99zone` WHERE `id` = 3 LIMIT 1   [ RunTime:0.001000s ]
INFO: [ view_parse ] --START--
INFO: [ template_filter ] --START--
INFO: Run Behavior\ContentReplaceBehavior [ RunTime:0.000000s ]
INFO: [ template_filter ] --END-- [ RunTime:0.000000s ]
INFO: Run Behavior\ParseTemplateBehavior [ RunTime:0.044002s ]
INFO: [ view_parse ] --END-- [ RunTime:0.044002s ]
INFO: [ view_filter ] --START--
INFO: Run Behavior\WriteHtmlCacheBehavior [ RunTime:0.000000s ]
INFO: Run Behavior\TokenBuildBehavior [ RunTime:0.001000s ]
INFO: [ view_filter ] --END-- [ RunTime:0.001000s ]
INFO: [ app_end ] --START--
INFO: Run Behavior\ShowPageTraceBehavior [ RunTime:0.001000s ]
INFO: [ app_end ] --END-- [ RunTime:0.002000s ]
NOTIC: [8] Constant BIND_MODULE already defined C:\wamp\www\kuying\index.php 第 29 行.

[ 2015-05-27T14:44:31+08:00 ] 127.0.0.1 /kuying/index.php/Shopping
INFO: [ app_init ] --START--
INFO: Run Behavior\BuildLiteBehavior [ RunTime:0.000000s ]
INFO: [ app_init ] --END-- [ RunTime:0.001000s ]
INFO: [ app_begin ] --START--
INFO: Run Behavior\ReadHtmlCacheBehavior [ RunTime:0.002000s ]
INFO: [ app_begin ] --END-- [ RunTime:0.002000s ]
NOTIC: [8192] mysql_connect(): The mysql extension is deprecated and will be removed in the future: use mysqli or PDO instead C:\wamp\www\kuying\ThinkPHP\Library\Think\Db\Driver\Mysql.class.php 第 52 行.
SQL: SHOW COLUMNS FROM `kuying_zone` [ RunTime:0.004000s ]
SQL: SELECT `CONTENT` FROM `kuying_zone` WHERE `LIST` = 1 LIMIT 1   [ RunTime:0.000000s ]
SQL: SHOW COLUMNS FROM `kuying_goods` [ RunTime:0.005001s ]
SQL: SELECT `id`,`TITLE`,`INFO_IMG` FROM `kuying_goods` WHERE `id` IN ('5','1','2','3','4','5')  [ RunTime:0.000000s ]
SQL: SELECT `id`,`TITLE`,`INFO_TXT`,`INFO_IMG`,`GOOD_SRC`,`DING`,`LOW`,`TIME` FROM `kuying_goods` WHERE `OR_INDEX` = 1 ORDER BY TIME desc  [ RunTime:0.000000s ]
SQL: SELECT `id`,`TITLE`,`INFO_TXT`,`INFO_IMG`,`GOOD_SRC`,`DING`,`LOW`,`TIME` FROM `kuying_goods` WHERE `OR_TOP` = 1 ORDER BY TIME desc  [ RunTime:0.000000s ]
SQL: SHOW COLUMNS FROM `kuying_goodlunbo` [ RunTime:0.005000s ]
SQL: SELECT `id`,`ZONE`,`GOOD_ID` FROM `kuying_goodlunbo` ORDER BY TIME desc  [ RunTime:0.000000s ]
SQL: SHOW COLUMNS FROM `kuying_99zone` [ RunTime:0.004000s ]
SQL: SELECT `GOOD_SRC` FROM `kuying_99zone` WHERE `id` = 3 LIMIT 1   [ RunTime:0.000000s ]
INFO: [ view_parse ] --START--
INFO: [ template_filter ] --START--
INFO: Run Behavior\ContentReplaceBehavior [ RunTime:0.000000s ]
INFO: [ template_filter ] --END-- [ RunTime:0.000000s ]
INFO: Run Behavior\ParseTemplateBehavior [ RunTime:0.064003s ]
INFO: [ view_parse ] --END-- [ RunTime:0.064003s ]
INFO: [ view_filter ] --START--
INFO: Run Behavior\WriteHtmlCacheBehavior [ RunTime:0.001000s ]
INFO: Run Behavior\TokenBuildBehavior [ RunTime:0.001000s ]
INFO: [ view_filter ] --END-- [ RunTime:0.002000s ]
INFO: [ app_end ] --START--
INFO: Run Behavior\ShowPageTraceBehavior [ RunTime:0.002000s ]
INFO: [ app_end ] --END-- [ RunTime:0.003000s ]
NOTIC: [8] Constant BIND_MODULE already defined C:\wamp\www\kuying\index.php 第 29 行.

[ 2015-05-27T14:45:00+08:00 ] 127.0.0.1 /kuying/index.php/Shopping
INFO: [ app_init ] --START--
INFO: Run Behavior\BuildLiteBehavior [ RunTime:0.001000s ]
INFO: [ app_init ] --END-- [ RunTime:0.001000s ]
INFO: [ app_begin ] --START--
INFO: Run Behavior\ReadHtmlCacheBehavior [ RunTime:0.001000s ]
INFO: [ app_begin ] --END-- [ RunTime:0.001000s ]
NOTIC: [8192] mysql_connect(): The mysql extension is deprecated and will be removed in the future: use mysqli or PDO instead C:\wamp\www\kuying\ThinkPHP\Library\Think\Db\Driver\Mysql.class.php 第 52 行.
SQL: SHOW COLUMNS FROM `kuying_zone` [ RunTime:0.005000s ]
SQL: SELECT `CONTENT` FROM `kuying_zone` WHERE `LIST` = 1 LIMIT 1   [ RunTime:0.000000s ]
SQL: SHOW COLUMNS FROM `kuying_goods` [ RunTime:0.005000s ]
SQL: SELECT `id`,`TITLE`,`INFO_IMG` FROM `kuying_goods` WHERE `id` IN ('5','1','2','3','4','5')  [ RunTime:0.000000s ]
SQL: SELECT `id`,`TITLE`,`INFO_TXT`,`INFO_IMG`,`GOOD_SRC`,`DING`,`LOW`,`TIME` FROM `kuying_goods` WHERE `OR_INDEX` = 1 ORDER BY TIME desc  [ RunTime:0.000000s ]
SQL: SELECT `id`,`TITLE`,`INFO_TXT`,`INFO_IMG`,`GOOD_SRC`,`DING`,`LOW`,`TIME` FROM `kuying_goods` WHERE `OR_TOP` = 1 ORDER BY TIME desc  [ RunTime:0.000000s ]
SQL: SHOW COLUMNS FROM `kuying_goodlunbo` [ RunTime:0.005001s ]
SQL: SELECT `id`,`ZONE`,`GOOD_ID` FROM `kuying_goodlunbo` ORDER BY TIME desc  [ RunTime:0.001000s ]
SQL: SHOW COLUMNS FROM `kuying_99zone` [ RunTime:0.007000s ]
SQL: SELECT `GOOD_SRC` FROM `kuying_99zone` WHERE `id` = 3 LIMIT 1   [ RunTime:0.001000s ]
INFO: [ view_parse ] --START--
INFO: [ template_filter ] --START--
INFO: Run Behavior\ContentReplaceBehavior [ RunTime:0.000000s ]
INFO: [ template_filter ] --END-- [ RunTime:0.000000s ]
INFO: Run Behavior\ParseTemplateBehavior [ RunTime:0.063004s ]
INFO: [ view_parse ] --END-- [ RunTime:0.063004s ]
INFO: [ view_filter ] --START--
INFO: Run Behavior\WriteHtmlCacheBehavior [ RunTime:0.001000s ]
INFO: Run Behavior\TokenBuildBehavior [ RunTime:0.000000s ]
INFO: [ view_filter ] --END-- [ RunTime:0.002000s ]
INFO: [ app_end ] --START--
INFO: Run Behavior\ShowPageTraceBehavior [ RunTime:0.001000s ]
INFO: [ app_end ] --END-- [ RunTime:0.002000s ]
NOTIC: [8] Constant BIND_MODULE already defined C:\wamp\www\kuying\index.php 第 29 行.

[ 2015-05-27T20:45:45+08:00 ] 127.0.0.1 /kuying/index.php/Shopping
INFO: [ app_init ] --START--
INFO: Run Behavior\BuildLiteBehavior [ RunTime:0.000000s ]
INFO: [ app_init ] --END-- [ RunTime:0.001000s ]
INFO: [ app_begin ] --START--
INFO: Run Behavior\ReadHtmlCacheBehavior [ RunTime:0.005001s ]
INFO: [ app_begin ] --END-- [ RunTime:0.005001s ]
NOTIC: [8192] mysql_connect(): The mysql extension is deprecated and will be removed in the future: use mysqli or PDO instead C:\wamp\www\kuying\ThinkPHP\Library\Think\Db\Driver\Mysql.class.php 第 52 行.
SQL: SHOW COLUMNS FROM `kuying_zone` [ RunTime:0.010001s ]
SQL: SELECT `CONTENT` FROM `kuying_zone` WHERE `LIST` = 1 LIMIT 1   [ RunTime:0.000000s ]
SQL: SHOW COLUMNS FROM `kuying_goods` [ RunTime:0.003000s ]
SQL: SELECT `id`,`TITLE`,`INFO_IMG` FROM `kuying_goods` WHERE `id` IN ('5','1','2','3','4','5')  [ RunTime:0.001000s ]
SQL: SELECT `id`,`TITLE`,`INFO_TXT`,`INFO_IMG`,`GOOD_SRC`,`DING`,`LOW`,`TIME` FROM `kuying_goods` WHERE `OR_INDEX` = 1 ORDER BY TIME desc  [ RunTime:0.001000s ]
SQL: SELECT `id`,`TITLE`,`INFO_TXT`,`INFO_IMG`,`GOOD_SRC`,`DING`,`LOW`,`TIME` FROM `kuying_goods` WHERE `OR_TOP` = 1 ORDER BY TIME desc  [ RunTime:0.001001s ]
SQL: SHOW COLUMNS FROM `kuying_goodlunbo` [ RunTime:0.006000s ]
SQL: SELECT `id`,`ZONE`,`GOOD_ID` FROM `kuying_goodlunbo` ORDER BY TIME desc  [ RunTime:0.001000s ]
SQL: SHOW COLUMNS FROM `kuying_99zone` [ RunTime:0.004000s ]
SQL: SELECT `GOOD_SRC` FROM `kuying_99zone` WHERE `id` = 3 LIMIT 1   [ RunTime:0.000000s ]
INFO: [ view_parse ] --START--
INFO: [ template_filter ] --START--
INFO: Run Behavior\ContentReplaceBehavior [ RunTime:0.000000s ]
INFO: [ template_filter ] --END-- [ RunTime:0.000000s ]
INFO: Run Behavior\ParseTemplateBehavior [ RunTime:0.082005s ]
INFO: [ view_parse ] --END-- [ RunTime:0.082005s ]
INFO: [ view_filter ] --START--
INFO: Run Behavior\WriteHtmlCacheBehavior [ RunTime:0.005000s ]
INFO: Run Behavior\TokenBuildBehavior [ RunTime:0.005001s ]
INFO: [ view_filter ] --END-- [ RunTime:0.011001s ]
INFO: [ app_end ] --START--
INFO: Run Behavior\ShowPageTraceBehavior [ RunTime:0.005000s ]
INFO: [ app_end ] --END-- [ RunTime:0.005000s ]
NOTIC: [8] Constant BIND_MODULE already defined C:\wamp\www\kuying\index.php 第 29 行.

[ 2015-05-27T20:50:18+08:00 ] 127.0.0.1 /kuying/index.php/Shopping
INFO: [ app_init ] --START--
INFO: Run Behavior\BuildLiteBehavior [ RunTime:0.000000s ]
INFO: [ app_init ] --END-- [ RunTime:0.001000s ]
INFO: [ app_begin ] --START--
INFO: Run Behavior\ReadHtmlCacheBehavior [ RunTime:0.000000s ]
INFO: [ app_begin ] --END-- [ RunTime:0.001000s ]
NOTIC: [8192] mysql_connect(): The mysql extension is deprecated and will be removed in the future: use mysqli or PDO instead C:\wamp\www\kuying\ThinkPHP\Library\Think\Db\Driver\Mysql.class.php 第 52 行.
SQL: SHOW COLUMNS FROM `kuying_zone` [ RunTime:0.003000s ]
SQL: SELECT `CONTENT` FROM `kuying_zone` WHERE `LIST` = 1 LIMIT 1   [ RunTime:0.000000s ]
SQL: SHOW COLUMNS FROM `kuying_goods` [ RunTime:0.003000s ]
SQL: SELECT `id`,`TITLE`,`INFO_IMG` FROM `kuying_goods` WHERE `id` IN ('5','1','2','3','4','5')  [ RunTime:0.000000s ]
SQL: SELECT `id`,`TITLE`,`INFO_TXT`,`INFO_IMG`,`GOOD_SRC`,`DING`,`LOW`,`TIME` FROM `kuying_goods` WHERE `OR_INDEX` = 1 ORDER BY TIME desc  [ RunTime:0.000000s ]
SQL: SELECT `id`,`TITLE`,`INFO_TXT`,`INFO_IMG`,`GOOD_SRC`,`DING`,`LOW`,`TIME` FROM `kuying_goods` WHERE `OR_TOP` = 1 ORDER BY TIME desc  [ RunTime:0.000000s ]
SQL: SHOW COLUMNS FROM `kuying_goodlunbo` [ RunTime:0.004001s ]
SQL: SELECT `id`,`ZONE`,`GOOD_ID` FROM `kuying_goodlunbo` ORDER BY TIME desc  [ RunTime:0.001000s ]
SQL: SHOW COLUMNS FROM `kuying_99zone` [ RunTime:0.003000s ]
SQL: SELECT `GOOD_SRC` FROM `kuying_99zone` WHERE `id` = 3 LIMIT 1   [ RunTime:0.001000s ]
INFO: [ view_parse ] --START--
INFO: [ template_filter ] --START--
INFO: Run Behavior\ContentReplaceBehavior [ RunTime:0.000000s ]
INFO: [ template_filter ] --END-- [ RunTime:0.001000s ]
INFO: Run Behavior\ParseTemplateBehavior [ RunTime:0.061003s ]
INFO: [ view_parse ] --END-- [ RunTime:0.061003s ]
INFO: [ view_filter ] --START--
INFO: Run Behavior\WriteHtmlCacheBehavior [ RunTime:0.001001s ]
INFO: Run Behavior\TokenBuildBehavior [ RunTime:0.000000s ]
INFO: [ view_filter ] --END-- [ RunTime:0.001001s ]
INFO: [ app_end ] --START--
INFO: Run Behavior\ShowPageTraceBehavior [ RunTime:0.002000s ]
INFO: [ app_end ] --END-- [ RunTime:0.002000s ]
NOTIC: [8] Constant BIND_MODULE already defined C:\wamp\www\kuying\index.php 第 29 行.

[ 2015-05-27T20:50:20+08:00 ] 127.0.0.1 /kuying/index.php/Shopping
INFO: [ app_init ] --START--
INFO: Run Behavior\BuildLiteBehavior [ RunTime:0.000000s ]
INFO: [ app_init ] --END-- [ RunTime:0.001000s ]
INFO: [ app_begin ] --START--
INFO: Run Behavior\ReadHtmlCacheBehavior [ RunTime:0.001000s ]
INFO: [ app_begin ] --END-- [ RunTime:0.001000s ]
NOTIC: [8192] mysql_connect(): The mysql extension is deprecated and will be removed in the future: use mysqli or PDO instead C:\wamp\www\kuying\ThinkPHP\Library\Think\Db\Driver\Mysql.class.php 第 52 行.
SQL: SHOW COLUMNS FROM `kuying_zone` [ RunTime:0.006000s ]
SQL: SELECT `CONTENT` FROM `kuying_zone` WHERE `LIST` = 1 LIMIT 1   [ RunTime:0.000000s ]
SQL: SHOW COLUMNS FROM `kuying_goods` [ RunTime:0.006001s ]
SQL: SELECT `id`,`TITLE`,`INFO_IMG` FROM `kuying_goods` WHERE `id` IN ('5','1','2','3','4','5')  [ RunTime:0.001000s ]
SQL: SELECT `id`,`TITLE`,`INFO_TXT`,`INFO_IMG`,`GOOD_SRC`,`DING`,`LOW`,`TIME` FROM `kuying_goods` WHERE `OR_INDEX` = 1 ORDER BY TIME desc  [ RunTime:0.000000s ]
SQL: SELECT `id`,`TITLE`,`INFO_TXT`,`INFO_IMG`,`GOOD_SRC`,`DING`,`LOW`,`TIME` FROM `kuying_goods` WHERE `OR_TOP` = 1 ORDER BY TIME desc  [ RunTime:0.001000s ]
SQL: SHOW COLUMNS FROM `kuying_goodlunbo` [ RunTime:0.007000s ]
SQL: SELECT `id`,`ZONE`,`GOOD_ID` FROM `kuying_goodlunbo` ORDER BY TIME desc  [ RunTime:0.001001s ]
SQL: SHOW COLUMNS FROM `kuying_99zone` [ RunTime:0.004000s ]
SQL: SELECT `GOOD_SRC` FROM `kuying_99zone` WHERE `id` = 3 LIMIT 1   [ RunTime:0.000000s ]
INFO: [ view_parse ] --START--
INFO: [ template_filter ] --START--
INFO: Run Behavior\ContentReplaceBehavior [ RunTime:0.000000s ]
INFO: [ template_filter ] --END-- [ RunTime:0.000000s ]
INFO: Run Behavior\ParseTemplateBehavior [ RunTime:0.063003s ]
INFO: [ view_parse ] --END-- [ RunTime:0.064003s ]
INFO: [ view_filter ] --START--
INFO: Run Behavior\WriteHtmlCacheBehavior [ RunTime:0.000000s ]
INFO: Run Behavior\TokenBuildBehavior [ RunTime:0.001000s ]
INFO: [ view_filter ] --END-- [ RunTime:0.002001s ]
INFO: [ app_end ] --START--
INFO: Run Behavior\ShowPageTraceBehavior [ RunTime:0.001000s ]
INFO: [ app_end ] --END-- [ RunTime:0.001000s ]
NOTIC: [8] Constant BIND_MODULE already defined C:\wamp\www\kuying\index.php 第 29 行.

[ 2015-05-27T20:51:04+08:00 ] 127.0.0.1 /kuying/index.php/Shopping
INFO: [ app_init ] --START--
INFO: Run Behavior\BuildLiteBehavior [ RunTime:0.000000s ]
INFO: [ app_init ] --END-- [ RunTime:0.000000s ]
INFO: [ app_begin ] --START--
INFO: Run Behavior\ReadHtmlCacheBehavior [ RunTime:0.001000s ]
INFO: [ app_begin ] --END-- [ RunTime:0.001000s ]
NOTIC: [8192] mysql_connect(): The mysql extension is deprecated and will be removed in the future: use mysqli or PDO instead C:\wamp\www\kuying\ThinkPHP\Library\Think\Db\Driver\Mysql.class.php 第 52 行.
SQL: SHOW COLUMNS FROM `kuying_zone` [ RunTime:0.006001s ]
SQL: SELECT `CONTENT` FROM `kuying_zone` WHERE `LIST` = 1 LIMIT 1   [ RunTime:0.000000s ]
SQL: SHOW COLUMNS FROM `kuying_goods` [ RunTime:0.003000s ]
SQL: SELECT `id`,`TITLE`,`INFO_IMG` FROM `kuying_goods` WHERE `id` IN ('5','1','2','3','4','5')  [ RunTime:0.000000s ]
SQL: SELECT `id`,`TITLE`,`INFO_TXT`,`INFO_IMG`,`GOOD_SRC`,`DING`,`LOW`,`TIME` FROM `kuying_goods` WHERE `OR_INDEX` = 1 ORDER BY TIME desc  [ RunTime:0.001000s ]
SQL: SELECT `id`,`TITLE`,`INFO_TXT`,`INFO_IMG`,`GOOD_SRC`,`DING`,`LOW`,`TIME` FROM `kuying_goods` WHERE `OR_TOP` = 1 ORDER BY TIME desc  [ RunTime:0.000000s ]
SQL: SHOW COLUMNS FROM `kuying_goodlunbo` [ RunTime:0.003000s ]
SQL: SELECT `id`,`ZONE`,`GOOD_ID` FROM `kuying_goodlunbo` ORDER BY TIME desc  [ RunTime:0.000000s ]
SQL: SHOW COLUMNS FROM `kuying_99zone` [ RunTime:0.006001s ]
SQL: SELECT `GOOD_SRC` FROM `kuying_99zone` WHERE `id` = 3 LIMIT 1   [ RunTime:0.000000s ]
INFO: [ view_parse ] --START--
INFO: [ template_filter ] --START--
INFO: Run Behavior\ContentReplaceBehavior [ RunTime:0.000000s ]
INFO: [ template_filter ] --END-- [ RunTime:0.000000s ]
INFO: Run Behavior\ParseTemplateBehavior [ RunTime:0.051003s ]
INFO: [ view_parse ] --END-- [ RunTime:0.051003s ]
INFO: [ view_filter ] --START--
INFO: Run Behavior\WriteHtmlCacheBehavior [ RunTime:0.001000s ]
INFO: Run Behavior\TokenBuildBehavior [ RunTime:0.001000s ]
INFO: [ view_filter ] --END-- [ RunTime:0.002000s ]
INFO: [ app_end ] --START--
INFO: Run Behavior\ShowPageTraceBehavior [ RunTime:0.001000s ]
INFO: [ app_end ] --END-- [ RunTime:0.001000s ]
NOTIC: [8] Constant BIND_MODULE already defined C:\wamp\www\kuying\index.php 第 29 行.

[ 2015-05-27T20:52:07+08:00 ] 127.0.0.1 /kuying/index.php/Shopping
INFO: [ app_init ] --START--
INFO: Run Behavior\BuildLiteBehavior [ RunTime:0.000000s ]
INFO: [ app_init ] --END-- [ RunTime:0.000000s ]
INFO: [ app_begin ] --START--
INFO: Run Behavior\ReadHtmlCacheBehavior [ RunTime:0.001000s ]
INFO: [ app_begin ] --END-- [ RunTime:0.001000s ]
NOTIC: [8192] mysql_connect(): The mysql extension is deprecated and will be removed in the future: use mysqli or PDO instead C:\wamp\www\kuying\ThinkPHP\Library\Think\Db\Driver\Mysql.class.php 第 52 行.
SQL: SHOW COLUMNS FROM `kuying_zone` [ RunTime:0.006000s ]
SQL: SELECT `CONTENT` FROM `kuying_zone` WHERE `LIST` = 1 LIMIT 1   [ RunTime:0.001000s ]
SQL: SHOW COLUMNS FROM `kuying_goods` [ RunTime:0.004000s ]
SQL: SELECT `id`,`TITLE`,`INFO_IMG` FROM `kuying_goods` WHERE `id` IN ('5','1','2','3','4','5')  [ RunTime:0.001000s ]
SQL: SELECT `id`,`TITLE`,`INFO_TXT`,`INFO_IMG`,`GOOD_SRC`,`DING`,`LOW`,`TIME` FROM `kuying_goods` WHERE `OR_INDEX` = 1 ORDER BY TIME desc  [ RunTime:0.000000s ]
SQL: SELECT `id`,`TITLE`,`INFO_TXT`,`INFO_IMG`,`GOOD_SRC`,`DING`,`LOW`,`TIME` FROM `kuying_goods` WHERE `OR_TOP` = 1 ORDER BY TIME desc  [ RunTime:0.000000s ]
SQL: SHOW COLUMNS FROM `kuying_goodlunbo` [ RunTime:0.003000s ]
SQL: SELECT `id`,`ZONE`,`GOOD_ID` FROM `kuying_goodlunbo` ORDER BY TIME desc  [ RunTime:0.000000s ]
SQL: SHOW COLUMNS FROM `kuying_99zone` [ RunTime:0.004000s ]
SQL: SELECT `GOOD_SRC` FROM `kuying_99zone` WHERE `id` = 3 LIMIT 1   [ RunTime:0.000000s ]
INFO: [ view_parse ] --START--
INFO: [ template_filter ] --START--
INFO: Run Behavior\ContentReplaceBehavior [ RunTime:0.000000s ]
INFO: [ template_filter ] --END-- [ RunTime:0.000000s ]
INFO: Run Behavior\ParseTemplateBehavior [ RunTime:0.049003s ]
INFO: [ view_parse ] --END-- [ RunTime:0.049003s ]
INFO: [ view_filter ] --START--
INFO: Run Behavior\WriteHtmlCacheBehavior [ RunTime:0.001000s ]
INFO: Run Behavior\TokenBuildBehavior [ RunTime:0.000000s ]
INFO: [ view_filter ] --END-- [ RunTime:0.001000s ]
INFO: [ app_end ] --START--
INFO: Run Behavior\ShowPageTraceBehavior [ RunTime:0.001000s ]
INFO: [ app_end ] --END-- [ RunTime:0.001000s ]
NOTIC: [8] Constant BIND_MODULE already defined C:\wamp\www\kuying\index.php 第 29 行.

[ 2015-05-27T21:16:35+08:00 ] 127.0.0.1 /kuying/index.php/Shopping
INFO: [ app_init ] --START--
INFO: Run Behavior\BuildLiteBehavior [ RunTime:0.000000s ]
INFO: [ app_init ] --END-- [ RunTime:0.002000s ]
INFO: [ app_begin ] --START--
INFO: Run Behavior\ReadHtmlCacheBehavior [ RunTime:0.001000s ]
INFO: [ app_begin ] --END-- [ RunTime:0.001000s ]
NOTIC: [8192] mysql_connect(): The mysql extension is deprecated and will be removed in the future: use mysqli or PDO instead C:\wamp\www\kuying\ThinkPHP\Library\Think\Db\Driver\Mysql.class.php 第 52 行.
SQL: SHOW COLUMNS FROM `kuying_zone` [ RunTime:0.012000s ]
SQL: SELECT `CONTENT` FROM `kuying_zone` WHERE `LIST` = 1 LIMIT 1   [ RunTime:0.003000s ]
SQL: SHOW COLUMNS FROM `kuying_goods` [ RunTime:0.007001s ]
SQL: SELECT `id`,`TITLE`,`INFO_IMG` FROM `kuying_goods` WHERE `id` IN ('5','1','2','3','4','5')  [ RunTime:0.001000s ]
SQL: SELECT `id`,`TITLE`,`INFO_TXT`,`INFO_IMG`,`GOOD_SRC`,`DING`,`LOW`,`TIME` FROM `kuying_goods` WHERE `OR_INDEX` = 1 ORDER BY TIME desc  [ RunTime:0.001000s ]
SQL: SELECT `id`,`TITLE`,`INFO_TXT`,`INFO_IMG`,`GOOD_SRC`,`DING`,`LOW`,`TIME` FROM `kuying_goods` WHERE `OR_TOP` = 1 ORDER BY TIME desc  [ RunTime:0.000000s ]
SQL: SHOW COLUMNS FROM `kuying_goodlunbo` [ RunTime:0.004000s ]
SQL: SELECT `id`,`ZONE`,`GOOD_ID` FROM `kuying_goodlunbo` ORDER BY TIME desc  [ RunTime:0.000000s ]
SQL: SHOW COLUMNS FROM `kuying_99zone` [ RunTime:0.003001s ]
SQL: SELECT `GOOD_SRC` FROM `kuying_99zone` WHERE `id` = 3 LIMIT 1   [ RunTime:0.000000s ]
INFO: [ view_parse ] --START--
INFO: [ template_filter ] --START--
INFO: Run Behavior\ContentReplaceBehavior [ RunTime:0.000000s ]
INFO: [ template_filter ] --END-- [ RunTime:0.000000s ]
INFO: Run Behavior\ParseTemplateBehavior [ RunTime:0.053003s ]
INFO: [ view_parse ] --END-- [ RunTime:0.053003s ]
INFO: [ view_filter ] --START--
INFO: Run Behavior\WriteHtmlCacheBehavior [ RunTime:0.002000s ]
INFO: Run Behavior\TokenBuildBehavior [ RunTime:0.001000s ]
INFO: [ view_filter ] --END-- [ RunTime:0.003000s ]
INFO: [ app_end ] --START--
INFO: Run Behavior\ShowPageTraceBehavior [ RunTime:0.002000s ]
INFO: [ app_end ] --END-- [ RunTime:0.002000s ]
NOTIC: [8] Constant BIND_MODULE already defined C:\wamp\www\kuying\index.php 第 29 行.

[ 2015-05-27T21:17:03+08:00 ] 127.0.0.1 /kuying/index.php/Shopping
INFO: [ app_init ] --START--
INFO: Run Behavior\BuildLiteBehavior [ RunTime:0.000000s ]
INFO: [ app_init ] --END-- [ RunTime:0.000000s ]
INFO: [ app_begin ] --START--
INFO: Run Behavior\ReadHtmlCacheBehavior [ RunTime:0.001000s ]
INFO: [ app_begin ] --END-- [ RunTime:0.001000s ]
NOTIC: [8192] mysql_connect(): The mysql extension is deprecated and will be removed in the future: use mysqli or PDO instead C:\wamp\www\kuying\ThinkPHP\Library\Think\Db\Driver\Mysql.class.php 第 52 行.
SQL: SHOW COLUMNS FROM `kuying_zone` [ RunTime:0.005000s ]
SQL: SELECT `CONTENT` FROM `kuying_zone` WHERE `LIST` = 1 LIMIT 1   [ RunTime:0.000000s ]
SQL: SHOW COLUMNS FROM `kuying_goods` [ RunTime:0.004000s ]
SQL: SELECT `id`,`TITLE`,`INFO_IMG` FROM `kuying_goods` WHERE `id` IN ('5','1','2','3','4','5')  [ RunTime:0.000000s ]
SQL: SELECT `id`,`TITLE`,`INFO_TXT`,`INFO_IMG`,`GOOD_SRC`,`DING`,`LOW`,`TIME` FROM `kuying_goods` WHERE `OR_INDEX` = 1 ORDER BY TIME desc  [ RunTime:0.000000s ]
SQL: SELECT `id`,`TITLE`,`INFO_TXT`,`INFO_IMG`,`GOOD_SRC`,`DING`,`LOW`,`TIME` FROM `kuying_goods` WHERE `OR_TOP` = 1 ORDER BY TIME desc  [ RunTime:0.000000s ]
SQL: SHOW COLUMNS FROM `kuying_goodlunbo` [ RunTime:0.004000s ]
SQL: SELECT `id`,`ZONE`,`GOOD_ID` FROM `kuying_goodlunbo` ORDER BY TIME desc  [ RunTime:0.000000s ]
SQL: SHOW COLUMNS FROM `kuying_99zone` [ RunTime:0.003000s ]
SQL: SELECT `GOOD_SRC` FROM `kuying_99zone` WHERE `id` = 3 LIMIT 1   [ RunTime:0.000000s ]
INFO: [ view_parse ] --START--
INFO: [ template_filter ] --START--
INFO: Run Behavior\ContentReplaceBehavior [ RunTime:0.000000s ]
INFO: [ template_filter ] --END-- [ RunTime:0.001000s ]
INFO: Run Behavior\ParseTemplateBehavior [ RunTime:0.047003s ]
INFO: [ view_parse ] --END-- [ RunTime:0.048003s ]
INFO: [ view_filter ] --START--
INFO: Run Behavior\WriteHtmlCacheBehavior [ RunTime:0.000000s ]
INFO: Run Behavior\TokenBuildBehavior [ RunTime:0.001000s ]
INFO: [ view_filter ] --END-- [ RunTime:0.001000s ]
INFO: [ app_end ] --START--
INFO: Run Behavior\ShowPageTraceBehavior [ RunTime:0.000000s ]
INFO: [ app_end ] --END-- [ RunTime:0.000000s ]
NOTIC: [8] Constant BIND_MODULE already defined C:\wamp\www\kuying\index.php 第 29 行.

[ 2015-05-27T21:18:57+08:00 ] 127.0.0.1 /kuying/index.php/Shopping
INFO: [ app_init ] --START--
INFO: Run Behavior\BuildLiteBehavior [ RunTime:0.000000s ]
INFO: [ app_init ] --END-- [ RunTime:0.001000s ]
INFO: [ app_begin ] --START--
INFO: Run Behavior\ReadHtmlCacheBehavior [ RunTime:0.001000s ]
INFO: [ app_begin ] --END-- [ RunTime:0.001000s ]
NOTIC: [8192] mysql_connect(): The mysql extension is deprecated and will be removed in the future: use mysqli or PDO instead C:\wamp\www\kuying\ThinkPHP\Library\Think\Db\Driver\Mysql.class.php 第 52 行.
SQL: SHOW COLUMNS FROM `kuying_zone` [ RunTime:0.003000s ]
SQL: SELECT `CONTENT` FROM `kuying_zone` WHERE `LIST` = 1 LIMIT 1   [ RunTime:0.001000s ]
SQL: SHOW COLUMNS FROM `kuying_goods` [ RunTime:0.005000s ]
SQL: SELECT `id`,`TITLE`,`INFO_IMG` FROM `kuying_goods` WHERE `id` IN ('5','1','2','3','4','5')  [ RunTime:0.000000s ]
SQL: SELECT `id`,`TITLE`,`INFO_TXT`,`INFO_IMG`,`GOOD_SRC`,`DING`,`LOW`,`TIME` FROM `kuying_goods` WHERE `OR_INDEX` = 1 ORDER BY TIME desc  [ RunTime:0.000000s ]
SQL: SELECT `id`,`TITLE`,`INFO_TXT`,`INFO_IMG`,`GOOD_SRC`,`DING`,`LOW`,`TIME` FROM `kuying_goods` WHERE `OR_TOP` = 1 ORDER BY TIME desc  [ RunTime:0.000000s ]
SQL: SHOW COLUMNS FROM `kuying_goodlunbo` [ RunTime:0.004000s ]
SQL: SELECT `id`,`ZONE`,`GOOD_ID` FROM `kuying_goodlunbo` ORDER BY TIME desc  [ RunTime:0.000000s ]
SQL: SHOW COLUMNS FROM `kuying_99zone` [ RunTime:0.004000s ]
SQL: SELECT `GOOD_SRC` FROM `kuying_99zone` WHERE `id` = 3 LIMIT 1   [ RunTime:0.001000s ]
INFO: [ view_parse ] --START--
INFO: [ template_filter ] --START--
INFO: Run Behavior\ContentReplaceBehavior [ RunTime:0.000000s ]
INFO: [ template_filter ] --END-- [ RunTime:0.000000s ]
INFO: Run Behavior\ParseTemplateBehavior [ RunTime:0.051003s ]
INFO: [ view_parse ] --END-- [ RunTime:0.051003s ]
INFO: [ view_filter ] --START--
INFO: Run Behavior\WriteHtmlCacheBehavior [ RunTime:0.001000s ]
INFO: Run Behavior\TokenBuildBehavior [ RunTime:0.001000s ]
INFO: [ view_filter ] --END-- [ RunTime:0.002000s ]
INFO: [ app_end ] --START--
INFO: Run Behavior\ShowPageTraceBehavior [ RunTime:0.001000s ]
INFO: [ app_end ] --END-- [ RunTime:0.001000s ]
NOTIC: [8] Constant BIND_MODULE already defined C:\wamp\www\kuying\index.php 第 29 行.

[ 2015-05-27T21:33:05+08:00 ] 127.0.0.1 /kuying/index.php/Shopping
INFO: [ app_init ] --START--
INFO: Run Behavior\BuildLiteBehavior [ RunTime:0.000000s ]
INFO: [ app_init ] --END-- [ RunTime:0.000000s ]
INFO: [ app_begin ] --START--
INFO: Run Behavior\ReadHtmlCacheBehavior [ RunTime:0.001000s ]
INFO: [ app_begin ] --END-- [ RunTime:0.001000s ]
NOTIC: [8192] mysql_connect(): The mysql extension is deprecated and will be removed in the future: use mysqli or PDO instead C:\wamp\www\kuying\ThinkPHP\Library\Think\Db\Driver\Mysql.class.php 第 52 行.
SQL: SHOW COLUMNS FROM `kuying_zone` [ RunTime:0.004001s ]
SQL: SELECT `CONTENT` FROM `kuying_zone` WHERE `LIST` = 1 LIMIT 1   [ RunTime:0.000000s ]
SQL: SHOW COLUMNS FROM `kuying_goods` [ RunTime:0.004000s ]
SQL: SELECT `id`,`TITLE`,`INFO_IMG` FROM `kuying_goods` WHERE `id` IN ('5','1','2','3','4','5')  [ RunTime:0.001000s ]
SQL: SELECT `id`,`TITLE`,`INFO_TXT`,`INFO_IMG`,`GOOD_SRC`,`DING`,`LOW`,`TIME` FROM `kuying_goods` WHERE `OR_INDEX` = 1 ORDER BY TIME desc  [ RunTime:0.000000s ]
SQL: SELECT `id`,`TITLE`,`INFO_TXT`,`INFO_IMG`,`GOOD_SRC`,`DING`,`LOW`,`TIME` FROM `kuying_goods` WHERE `OR_TOP` = 1 ORDER BY TIME desc  [ RunTime:0.001000s ]
SQL: SHOW COLUMNS FROM `kuying_goodlunbo` [ RunTime:0.004000s ]
SQL: SELECT `id`,`ZONE`,`GOOD_ID` FROM `kuying_goodlunbo` ORDER BY TIME desc  [ RunTime:0.000000s ]
SQL: SHOW COLUMNS FROM `kuying_99zone` [ RunTime:0.004000s ]
SQL: SELECT `GOOD_SRC` FROM `kuying_99zone` WHERE `id` = 3 LIMIT 1   [ RunTime:0.000000s ]
INFO: [ view_parse ] --START--
INFO: [ template_filter ] --START--
INFO: Run Behavior\ContentReplaceBehavior [ RunTime:0.001000s ]
INFO: [ template_filter ] --END-- [ RunTime:0.001000s ]
INFO: Run Behavior\ParseTemplateBehavior [ RunTime:0.053003s ]
INFO: [ view_parse ] --END-- [ RunTime:0.053003s ]
INFO: [ view_filter ] --START--
INFO: Run Behavior\WriteHtmlCacheBehavior [ RunTime:0.000000s ]
INFO: Run Behavior\TokenBuildBehavior [ RunTime:0.001000s ]
INFO: [ view_filter ] --END-- [ RunTime:0.001000s ]
INFO: [ app_end ] --START--
INFO: Run Behavior\ShowPageTraceBehavior [ RunTime:0.000000s ]
INFO: [ app_end ] --END-- [ RunTime:0.000000s ]
NOTIC: [8] Constant BIND_MODULE already defined C:\wamp\www\kuying\index.php 第 29 行.

[ 2015-05-27T21:33:07+08:00 ] 127.0.0.1 /kuying/index.php/Shopping
INFO: [ app_init ] --START--
INFO: Run Behavior\BuildLiteBehavior [ RunTime:0.000000s ]
INFO: [ app_init ] --END-- [ RunTime:0.000000s ]
INFO: [ app_begin ] --START--
INFO: Run Behavior\ReadHtmlCacheBehavior [ RunTime:0.000000s ]
INFO: [ app_begin ] --END-- [ RunTime:0.001000s ]
NOTIC: [8192] mysql_connect(): The mysql extension is deprecated and will be removed in the future: use mysqli or PDO instead C:\wamp\www\kuying\ThinkPHP\Library\Think\Db\Driver\Mysql.class.php 第 52 行.
SQL: SHOW COLUMNS FROM `kuying_zone` [ RunTime:0.005001s ]
SQL: SELECT `CONTENT` FROM `kuying_zone` WHERE `LIST` = 1 LIMIT 1   [ RunTime:0.000000s ]
SQL: SHOW COLUMNS FROM `kuying_goods` [ RunTime:0.005000s ]
SQL: SELECT `id`,`TITLE`,`INFO_IMG` FROM `kuying_goods` WHERE `id` IN ('5','1','2','3','4','5')  [ RunTime:0.000000s ]
SQL: SELECT `id`,`TITLE`,`INFO_TXT`,`INFO_IMG`,`GOOD_SRC`,`DING`,`LOW`,`TIME` FROM `kuying_goods` WHERE `OR_INDEX` = 1 ORDER BY TIME desc  [ RunTime:0.000000s ]
SQL: SELECT `id`,`TITLE`,`INFO_TXT`,`INFO_IMG`,`GOOD_SRC`,`DING`,`LOW`,`TIME` FROM `kuying_goods` WHERE `OR_TOP` = 1 ORDER BY TIME desc  [ RunTime:0.001000s ]
SQL: SHOW COLUMNS FROM `kuying_goodlunbo` [ RunTime:0.004001s ]
SQL: SELECT `id`,`ZONE`,`GOOD_ID` FROM `kuying_goodlunbo` ORDER BY TIME desc  [ RunTime:0.000000s ]
SQL: SHOW COLUMNS FROM `kuying_99zone` [ RunTime:0.004000s ]
SQL: SELECT `GOOD_SRC` FROM `kuying_99zone` WHERE `id` = 3 LIMIT 1   [ RunTime:0.000000s ]
INFO: [ view_parse ] --START--
INFO: [ template_filter ] --START--
INFO: Run Behavior\ContentReplaceBehavior [ RunTime:0.000000s ]
INFO: [ template_filter ] --END-- [ RunTime:0.000000s ]
INFO: Run Behavior\ParseTemplateBehavior [ RunTime:0.048003s ]
INFO: [ view_parse ] --END-- [ RunTime:0.048003s ]
INFO: [ view_filter ] --START--
INFO: Run Behavior\WriteHtmlCacheBehavior [ RunTime:0.000000s ]
INFO: Run Behavior\TokenBuildBehavior [ RunTime:0.001000s ]
INFO: [ view_filter ] --END-- [ RunTime:0.001000s ]
INFO: [ app_end ] --START--
INFO: Run Behavior\ShowPageTraceBehavior [ RunTime:0.000000s ]
INFO: [ app_end ] --END-- [ RunTime:0.001000s ]
NOTIC: [8] Constant BIND_MODULE already defined C:\wamp\www\kuying\index.php 第 29 行.

[ 2015-05-27T21:33:09+08:00 ] 127.0.0.1 /kuying/index.php/Shopping
INFO: [ app_init ] --START--
INFO: Run Behavior\BuildLiteBehavior [ RunTime:0.000000s ]
INFO: [ app_init ] --END-- [ RunTime:0.001000s ]
INFO: [ app_begin ] --START--
INFO: Run Behavior\ReadHtmlCacheBehavior [ RunTime:0.000000s ]
INFO: [ app_begin ] --END-- [ RunTime:0.000000s ]
NOTIC: [8192] mysql_connect(): The mysql extension is deprecated and will be removed in the future: use mysqli or PDO instead C:\wamp\www\kuying\ThinkPHP\Library\Think\Db\Driver\Mysql.class.php 第 52 行.
SQL: SHOW COLUMNS FROM `kuying_zone` [ RunTime:0.004000s ]
SQL: SELECT `CONTENT` FROM `kuying_zone` WHERE `LIST` = 1 LIMIT 1   [ RunTime:0.001000s ]
SQL: SHOW COLUMNS FROM `kuying_goods` [ RunTime:0.005000s ]
SQL: SELECT `id`,`TITLE`,`INFO_IMG` FROM `kuying_goods` WHERE `id` IN ('5','1','2','3','4','5')  [ RunTime:0.000000s ]
SQL: SELECT `id`,`TITLE`,`INFO_TXT`,`INFO_IMG`,`GOOD_SRC`,`DING`,`LOW`,`TIME` FROM `kuying_goods` WHERE `OR_INDEX` = 1 ORDER BY TIME desc  [ RunTime:0.001000s ]
SQL: SELECT `id`,`TITLE`,`INFO_TXT`,`INFO_IMG`,`GOOD_SRC`,`DING`,`LOW`,`TIME` FROM `kuying_goods` WHERE `OR_TOP` = 1 ORDER BY TIME desc  [ RunTime:0.000000s ]
SQL: SHOW COLUMNS FROM `kuying_goodlunbo` [ RunTime:0.004000s ]
SQL: SELECT `id`,`ZONE`,`GOOD_ID` FROM `kuying_goodlunbo` ORDER BY TIME desc  [ RunTime:0.000000s ]
SQL: SHOW COLUMNS FROM `kuying_99zone` [ RunTime:0.003000s ]
SQL: SELECT `GOOD_SRC` FROM `kuying_99zone` WHERE `id` = 3 LIMIT 1   [ RunTime:0.000000s ]
INFO: [ view_parse ] --START--
INFO: [ template_filter ] --START--
INFO: Run Behavior\ContentReplaceBehavior [ RunTime:0.000000s ]
INFO: [ template_filter ] --END-- [ RunTime:0.001001s ]
INFO: Run Behavior\ParseTemplateBehavior [ RunTime:0.050003s ]
INFO: [ view_parse ] --END-- [ RunTime:0.050003s ]
INFO: [ view_filter ] --START--
INFO: Run Behavior\WriteHtmlCacheBehavior [ RunTime:0.000000s ]
INFO: Run Behavior\TokenBuildBehavior [ RunTime:0.000000s ]
INFO: [ view_filter ] --END-- [ RunTime:0.001000s ]
INFO: [ app_end ] --START--
INFO: Run Behavior\ShowPageTraceBehavior [ RunTime:0.001000s ]
INFO: [ app_end ] --END-- [ RunTime:0.001000s ]
NOTIC: [8] Constant BIND_MODULE already defined C:\wamp\www\kuying\index.php 第 29 行.

[ 2015-05-27T21:34:03+08:00 ] 127.0.0.1 /kuying/index.php/Shopping
INFO: [ app_init ] --START--
INFO: Run Behavior\BuildLiteBehavior [ RunTime:0.000000s ]
INFO: [ app_init ] --END-- [ RunTime:0.001000s ]
INFO: [ app_begin ] --START--
INFO: Run Behavior\ReadHtmlCacheBehavior [ RunTime:0.001000s ]
INFO: [ app_begin ] --END-- [ RunTime:0.001000s ]
NOTIC: [8192] mysql_connect(): The mysql extension is deprecated and will be removed in the future: use mysqli or PDO instead C:\wamp\www\kuying\ThinkPHP\Library\Think\Db\Driver\Mysql.class.php 第 52 行.
SQL: SHOW COLUMNS FROM `kuying_zone` [ RunTime:0.003000s ]
SQL: SELECT `CONTENT` FROM `kuying_zone` WHERE `LIST` = 1 LIMIT 1   [ RunTime:0.000000s ]
SQL: SHOW COLUMNS FROM `kuying_goods` [ RunTime:0.004000s ]
SQL: SELECT `id`,`TITLE`,`INFO_IMG` FROM `kuying_goods` WHERE `id` IN ('5','1','2','3','4','5')  [ RunTime:0.000000s ]
SQL: SELECT `id`,`TITLE`,`INFO_TXT`,`INFO_IMG`,`GOOD_SRC`,`DING`,`LOW`,`TIME` FROM `kuying_goods` WHERE `OR_INDEX` = 1 ORDER BY TIME desc  [ RunTime:0.001000s ]
SQL: SELECT `id`,`TITLE`,`INFO_TXT`,`INFO_IMG`,`GOOD_SRC`,`DING`,`LOW`,`TIME` FROM `kuying_goods` WHERE `OR_TOP` = 1 ORDER BY TIME desc  [ RunTime:0.001001s ]
SQL: SHOW COLUMNS FROM `kuying_goodlunbo` [ RunTime:0.003000s ]
SQL: SELECT `id`,`ZONE`,`GOOD_ID` FROM `kuying_goodlunbo` ORDER BY TIME desc  [ RunTime:0.000000s ]
SQL: SHOW COLUMNS FROM `kuying_99zone` [ RunTime:0.005000s ]
SQL: SELECT `GOOD_SRC` FROM `kuying_99zone` WHERE `id` = 3 LIMIT 1   [ RunTime:0.001000s ]
INFO: [ view_parse ] --START--
INFO: [ template_filter ] --START--
INFO: Run Behavior\ContentReplaceBehavior [ RunTime:0.000000s ]
INFO: [ template_filter ] --END-- [ RunTime:0.001000s ]
INFO: Run Behavior\ParseTemplateBehavior [ RunTime:0.049003s ]
INFO: [ view_parse ] --END-- [ RunTime:0.049003s ]
INFO: [ view_filter ] --START--
INFO: Run Behavior\WriteHtmlCacheBehavior [ RunTime:0.001000s ]
INFO: Run Behavior\TokenBuildBehavior [ RunTime:0.000000s ]
INFO: [ view_filter ] --END-- [ RunTime:0.001000s ]
INFO: [ app_end ] --START--
INFO: Run Behavior\ShowPageTraceBehavior [ RunTime:0.001000s ]
INFO: [ app_end ] --END-- [ RunTime:0.001000s ]
NOTIC: [8] Constant BIND_MODULE already defined C:\wamp\www\kuying\index.php 第 29 行.

[ 2015-05-27T21:34:04+08:00 ] 127.0.0.1 /kuying/index.php/Shopping
INFO: [ app_init ] --START--
INFO: Run Behavior\BuildLiteBehavior [ RunTime:0.000000s ]
INFO: [ app_init ] --END-- [ RunTime:0.001000s ]
INFO: [ app_begin ] --START--
INFO: Run Behavior\ReadHtmlCacheBehavior [ RunTime:0.002000s ]
INFO: [ app_begin ] --END-- [ RunTime:0.002000s ]
NOTIC: [8192] mysql_connect(): The mysql extension is deprecated and will be removed in the future: use mysqli or PDO instead C:\wamp\www\kuying\ThinkPHP\Library\Think\Db\Driver\Mysql.class.php 第 52 行.
SQL: SHOW COLUMNS FROM `kuying_zone` [ RunTime:0.005001s ]
SQL: SELECT `CONTENT` FROM `kuying_zone` WHERE `LIST` = 1 LIMIT 1   [ RunTime:0.000000s ]
SQL: SHOW COLUMNS FROM `kuying_goods` [ RunTime:0.004000s ]
SQL: SELECT `id`,`TITLE`,`INFO_IMG` FROM `kuying_goods` WHERE `id` IN ('5','1','2','3','4','5')  [ RunTime:0.000000s ]
SQL: SELECT `id`,`TITLE`,`INFO_TXT`,`INFO_IMG`,`GOOD_SRC`,`DING`,`LOW`,`TIME` FROM `kuying_goods` WHERE `OR_INDEX` = 1 ORDER BY TIME desc  [ RunTime:0.000000s ]
SQL: SELECT `id`,`TITLE`,`INFO_TXT`,`INFO_IMG`,`GOOD_SRC`,`DING`,`LOW`,`TIME` FROM `kuying_goods` WHERE `OR_TOP` = 1 ORDER BY TIME desc  [ RunTime:0.000000s ]
SQL: SHOW COLUMNS FROM `kuying_goodlunbo` [ RunTime:0.006001s ]
SQL: SELECT `id`,`ZONE`,`GOOD_ID` FROM `kuying_goodlunbo` ORDER BY TIME desc  [ RunTime:0.000000s ]
SQL: SHOW COLUMNS FROM `kuying_99zone` [ RunTime:0.004000s ]
SQL: SELECT `GOOD_SRC` FROM `kuying_99zone` WHERE `id` = 3 LIMIT 1   [ RunTime:0.001000s ]
INFO: [ view_parse ] --START--
INFO: [ template_filter ] --START--
INFO: Run Behavior\ContentReplaceBehavior [ RunTime:0.000000s ]
INFO: [ template_filter ] --END-- [ RunTime:0.000000s ]
INFO: Run Behavior\ParseTemplateBehavior [ RunTime:0.050003s ]
INFO: [ view_parse ] --END-- [ RunTime:0.051003s ]
INFO: [ view_filter ] --START--
INFO: Run Behavior\WriteHtmlCacheBehavior [ RunTime:0.002000s ]
INFO: Run Behavior\TokenBuildBehavior [ RunTime:0.000000s ]
INFO: [ view_filter ] --END-- [ RunTime:0.003000s ]
INFO: [ app_end ] --START--
INFO: Run Behavior\ShowPageTraceBehavior [ RunTime:0.001000s ]
INFO: [ app_end ] --END-- [ RunTime:0.001000s ]
NOTIC: [8] Constant BIND_MODULE already defined C:\wamp\www\kuying\index.php 第 29 行.

[ 2015-05-27T21:34:06+08:00 ] 127.0.0.1 /kuying/index.php/Shopping
INFO: [ app_init ] --START--
INFO: Run Behavior\BuildLiteBehavior [ RunTime:0.000000s ]
INFO: [ app_init ] --END-- [ RunTime:0.001000s ]
INFO: [ app_begin ] --START--
INFO: Run Behavior\ReadHtmlCacheBehavior [ RunTime:0.001000s ]
INFO: [ app_begin ] --END-- [ RunTime:0.001000s ]
NOTIC: [8192] mysql_connect(): The mysql extension is deprecated and will be removed in the future: use mysqli or PDO instead C:\wamp\www\kuying\ThinkPHP\Library\Think\Db\Driver\Mysql.class.php 第 52 行.
SQL: SHOW COLUMNS FROM `kuying_zone` [ RunTime:0.005001s ]
SQL: SELECT `CONTENT` FROM `kuying_zone` WHERE `LIST` = 1 LIMIT 1   [ RunTime:0.000000s ]
SQL: SHOW COLUMNS FROM `kuying_goods` [ RunTime:0.005000s ]
SQL: SELECT `id`,`TITLE`,`INFO_IMG` FROM `kuying_goods` WHERE `id` IN ('5','1','2','3','4','5')  [ RunTime:0.001000s ]
SQL: SELECT `id`,`TITLE`,`INFO_TXT`,`INFO_IMG`,`GOOD_SRC`,`DING`,`LOW`,`TIME` FROM `kuying_goods` WHERE `OR_INDEX` = 1 ORDER BY TIME desc  [ RunTime:0.001000s ]
SQL: SELECT `id`,`TITLE`,`INFO_TXT`,`INFO_IMG`,`GOOD_SRC`,`DING`,`LOW`,`TIME` FROM `kuying_goods` WHERE `OR_TOP` = 1 ORDER BY TIME desc  [ RunTime:0.000000s ]
SQL: SHOW COLUMNS FROM `kuying_goodlunbo` [ RunTime:0.005001s ]
SQL: SELECT `id`,`ZONE`,`GOOD_ID` FROM `kuying_goodlunbo` ORDER BY TIME desc  [ RunTime:0.000000s ]
SQL: SHOW COLUMNS FROM `kuying_99zone` [ RunTime:0.005000s ]
SQL: SELECT `GOOD_SRC` FROM `kuying_99zone` WHERE `id` = 3 LIMIT 1   [ RunTime:0.001000s ]
INFO: [ view_parse ] --START--
INFO: [ template_filter ] --START--
INFO: Run Behavior\ContentReplaceBehavior [ RunTime:0.000000s ]
INFO: [ template_filter ] --END-- [ RunTime:0.000000s ]
INFO: Run Behavior\ParseTemplateBehavior [ RunTime:0.055003s ]
INFO: [ view_parse ] --END-- [ RunTime:0.055003s ]
INFO: [ view_filter ] --START--
INFO: Run Behavior\WriteHtmlCacheBehavior [ RunTime:0.001000s ]
INFO: Run Behavior\TokenBuildBehavior [ RunTime:0.000000s ]
INFO: [ view_filter ] --END-- [ RunTime:0.001000s ]
INFO: [ app_end ] --START--
INFO: Run Behavior\ShowPageTraceBehavior [ RunTime:0.000000s ]
INFO: [ app_end ] --END-- [ RunTime:0.000000s ]
NOTIC: [8] Constant BIND_MODULE already defined C:\wamp\www\kuying\index.php 第 29 行.

[ 2015-05-27T21:34:24+08:00 ] 127.0.0.1 /kuying/index.php/Shopping
INFO: [ app_init ] --START--
INFO: Run Behavior\BuildLiteBehavior [ RunTime:0.000000s ]
INFO: [ app_init ] --END-- [ RunTime:0.000000s ]
INFO: [ app_begin ] --START--
INFO: Run Behavior\ReadHtmlCacheBehavior [ RunTime:0.000000s ]
INFO: [ app_begin ] --END-- [ RunTime:0.001000s ]
NOTIC: [8192] mysql_connect(): The mysql extension is deprecated and will be removed in the future: use mysqli or PDO instead C:\wamp\www\kuying\ThinkPHP\Library\Think\Db\Driver\Mysql.class.php 第 52 行.
SQL: SHOW COLUMNS FROM `kuying_zone` [ RunTime:0.009001s ]
SQL: SELECT `CONTENT` FROM `kuying_zone` WHERE `LIST` = 1 LIMIT 1   [ RunTime:0.000000s ]
SQL: SHOW COLUMNS FROM `kuying_goods` [ RunTime:0.006000s ]
SQL: SELECT `id`,`TITLE`,`INFO_IMG` FROM `kuying_goods` WHERE `id` IN ('5','1','2','3','4','5')  [ RunTime:0.000000s ]
SQL: SELECT `id`,`TITLE`,`INFO_TXT`,`INFO_IMG`,`GOOD_SRC`,`DING`,`LOW`,`TIME` FROM `kuying_goods` WHERE `OR_INDEX` = 1 ORDER BY TIME desc  [ RunTime:0.000000s ]
SQL: SELECT `id`,`TITLE`,`INFO_TXT`,`INFO_IMG`,`GOOD_SRC`,`DING`,`LOW`,`TIME` FROM `kuying_goods` WHERE `OR_TOP` = 1 ORDER BY TIME desc  [ RunTime:0.000000s ]
SQL: SHOW COLUMNS FROM `kuying_goodlunbo` [ RunTime:0.003001s ]
SQL: SELECT `id`,`ZONE`,`GOOD_ID` FROM `kuying_goodlunbo` ORDER BY TIME desc  [ RunTime:0.000000s ]
SQL: SHOW COLUMNS FROM `kuying_99zone` [ RunTime:0.003000s ]
SQL: SELECT `GOOD_SRC` FROM `kuying_99zone` WHERE `id` = 3 LIMIT 1   [ RunTime:0.001000s ]
INFO: [ view_parse ] --START--
INFO: [ template_filter ] --START--
INFO: Run Behavior\ContentReplaceBehavior [ RunTime:0.000000s ]
INFO: [ template_filter ] --END-- [ RunTime:0.000000s ]
INFO: Run Behavior\ParseTemplateBehavior [ RunTime:0.048003s ]
INFO: [ view_parse ] --END-- [ RunTime:0.048003s ]
INFO: [ view_filter ] --START--
INFO: Run Behavior\WriteHtmlCacheBehavior [ RunTime:0.001000s ]
INFO: Run Behavior\TokenBuildBehavior [ RunTime:0.001000s ]
INFO: [ view_filter ] --END-- [ RunTime:0.002000s ]
INFO: [ app_end ] --START--
INFO: Run Behavior\ShowPageTraceBehavior [ RunTime:0.000000s ]
INFO: [ app_end ] --END-- [ RunTime:0.000000s ]
NOTIC: [8] Constant BIND_MODULE already defined C:\wamp\www\kuying\index.php 第 29 行.

[ 2015-05-27T21:34:27+08:00 ] 127.0.0.1 /kuying/index.php/Shopping
INFO: [ app_init ] --START--
INFO: Run Behavior\BuildLiteBehavior [ RunTime:0.000000s ]
INFO: [ app_init ] --END-- [ RunTime:0.001000s ]
INFO: [ app_begin ] --START--
INFO: Run Behavior\ReadHtmlCacheBehavior [ RunTime:0.001000s ]
INFO: [ app_begin ] --END-- [ RunTime:0.001000s ]
NOTIC: [8192] mysql_connect(): The mysql extension is deprecated and will be removed in the future: use mysqli or PDO instead C:\wamp\www\kuying\ThinkPHP\Library\Think\Db\Driver\Mysql.class.php 第 52 行.
SQL: SHOW COLUMNS FROM `kuying_zone` [ RunTime:0.007001s ]
SQL: SELECT `CONTENT` FROM `kuying_zone` WHERE `LIST` = 1 LIMIT 1   [ RunTime:0.000000s ]
SQL: SHOW COLUMNS FROM `kuying_goods` [ RunTime:0.005000s ]
SQL: SELECT `id`,`TITLE`,`INFO_IMG` FROM `kuying_goods` WHERE `id` IN ('5','1','2','3','4','5')  [ RunTime:0.001000s ]
SQL: SELECT `id`,`TITLE`,`INFO_TXT`,`INFO_IMG`,`GOOD_SRC`,`DING`,`LOW`,`TIME` FROM `kuying_goods` WHERE `OR_INDEX` = 1 ORDER BY TIME desc  [ RunTime:0.002000s ]
SQL: SELECT `id`,`TITLE`,`INFO_TXT`,`INFO_IMG`,`GOOD_SRC`,`DING`,`LOW`,`TIME` FROM `kuying_goods` WHERE `OR_TOP` = 1 ORDER BY TIME desc  [ RunTime:0.000000s ]
SQL: SHOW COLUMNS FROM `kuying_goodlunbo` [ RunTime:0.004000s ]
SQL: SELECT `id`,`ZONE`,`GOOD_ID` FROM `kuying_goodlunbo` ORDER BY TIME desc  [ RunTime:0.001000s ]
SQL: SHOW COLUMNS FROM `kuying_99zone` [ RunTime:0.004000s ]
SQL: SELECT `GOOD_SRC` FROM `kuying_99zone` WHERE `id` = 3 LIMIT 1   [ RunTime:0.000000s ]
INFO: [ view_parse ] --START--
INFO: [ template_filter ] --START--
INFO: Run Behavior\ContentReplaceBehavior [ RunTime:0.000000s ]
INFO: [ template_filter ] --END-- [ RunTime:0.001000s ]
INFO: Run Behavior\ParseTemplateBehavior [ RunTime:0.047003s ]
INFO: [ view_parse ] --END-- [ RunTime:0.047003s ]
INFO: [ view_filter ] --START--
INFO: Run Behavior\WriteHtmlCacheBehavior [ RunTime:0.001000s ]
INFO: Run Behavior\TokenBuildBehavior [ RunTime:0.000000s ]
INFO: [ view_filter ] --END-- [ RunTime:0.002000s ]
INFO: [ app_end ] --START--
INFO: Run Behavior\ShowPageTraceBehavior [ RunTime:0.000000s ]
INFO: [ app_end ] --END-- [ RunTime:0.001000s ]
NOTIC: [8] Constant BIND_MODULE already defined C:\wamp\www\kuying\index.php 第 29 行.

[ 2015-05-27T21:34:55+08:00 ] 127.0.0.1 /kuying/index.php/Shopping
INFO: [ app_init ] --START--
INFO: Run Behavior\BuildLiteBehavior [ RunTime:0.000000s ]
INFO: [ app_init ] --END-- [ RunTime:0.001000s ]
INFO: [ app_begin ] --START--
INFO: Run Behavior\ReadHtmlCacheBehavior [ RunTime:0.001001s ]
INFO: [ app_begin ] --END-- [ RunTime:0.001001s ]
NOTIC: [8192] mysql_connect(): The mysql extension is deprecated and will be removed in the future: use mysqli or PDO instead C:\wamp\www\kuying\ThinkPHP\Library\Think\Db\Driver\Mysql.class.php 第 52 行.
SQL: SHOW COLUMNS FROM `kuying_zone` [ RunTime:0.007001s ]
SQL: SELECT `CONTENT` FROM `kuying_zone` WHERE `LIST` = 1 LIMIT 1   [ RunTime:0.000000s ]
SQL: SHOW COLUMNS FROM `kuying_goods` [ RunTime:0.007000s ]
SQL: SELECT `id`,`TITLE`,`INFO_IMG` FROM `kuying_goods` WHERE `id` IN ('5','1','2','3','4','5')  [ RunTime:0.000000s ]
SQL: SELECT `id`,`TITLE`,`INFO_TXT`,`INFO_IMG`,`GOOD_SRC`,`DING`,`LOW`,`TIME` FROM `kuying_goods` WHERE `OR_INDEX` = 1 ORDER BY TIME desc  [ RunTime:0.001000s ]
SQL: SELECT `id`,`TITLE`,`INFO_TXT`,`INFO_IMG`,`GOOD_SRC`,`DING`,`LOW`,`TIME` FROM `kuying_goods` WHERE `OR_TOP` = 1 ORDER BY TIME desc  [ RunTime:0.000000s ]
SQL: SHOW COLUMNS FROM `kuying_goodlunbo` [ RunTime:0.004001s ]
SQL: SELECT `id`,`ZONE`,`GOOD_ID` FROM `kuying_goodlunbo` ORDER BY TIME desc  [ RunTime:0.001000s ]
SQL: SHOW COLUMNS FROM `kuying_99zone` [ RunTime:0.003000s ]
SQL: SELECT `GOOD_SRC` FROM `kuying_99zone` WHERE `id` = 3 LIMIT 1   [ RunTime:0.000000s ]
INFO: [ view_parse ] --START--
INFO: [ template_filter ] --START--
INFO: Run Behavior\ContentReplaceBehavior [ RunTime:0.000000s ]
INFO: [ template_filter ] --END-- [ RunTime:0.001000s ]
INFO: Run Behavior\ParseTemplateBehavior [ RunTime:0.046003s ]
INFO: [ view_parse ] --END-- [ RunTime:0.046003s ]
INFO: [ view_filter ] --START--
INFO: Run Behavior\WriteHtmlCacheBehavior [ RunTime:0.001000s ]
INFO: Run Behavior\TokenBuildBehavior [ RunTime:0.000000s ]
INFO: [ view_filter ] --END-- [ RunTime:0.001000s ]
INFO: [ app_end ] --START--
INFO: Run Behavior\ShowPageTraceBehavior [ RunTime:0.001000s ]
INFO: [ app_end ] --END-- [ RunTime:0.001000s ]
NOTIC: [8] Constant BIND_MODULE already defined C:\wamp\www\kuying\index.php 第 29 行.

[ 2015-05-27T21:34:56+08:00 ] 127.0.0.1 /kuying/index.php/Shopping
INFO: [ app_init ] --START--
INFO: Run Behavior\BuildLiteBehavior [ RunTime:0.000000s ]
INFO: [ app_init ] --END-- [ RunTime:0.001000s ]
INFO: [ app_begin ] --START--
INFO: Run Behavior\ReadHtmlCacheBehavior [ RunTime:0.001000s ]
INFO: [ app_begin ] --END-- [ RunTime:0.001000s ]
NOTIC: [8192] mysql_connect(): The mysql extension is deprecated and will be removed in the future: use mysqli or PDO instead C:\wamp\www\kuying\ThinkPHP\Library\Think\Db\Driver\Mysql.class.php 第 52 行.
SQL: SHOW COLUMNS FROM `kuying_zone` [ RunTime:0.004000s ]
SQL: SELECT `CONTENT` FROM `kuying_zone` WHERE `LIST` = 1 LIMIT 1   [ RunTime:0.000000s ]
SQL: SHOW COLUMNS FROM `kuying_goods` [ RunTime:0.004000s ]
SQL: SELECT `id`,`TITLE`,`INFO_IMG` FROM `kuying_goods` WHERE `id` IN ('5','1','2','3','4','5')  [ RunTime:0.001000s ]
SQL: SELECT `id`,`TITLE`,`INFO_TXT`,`INFO_IMG`,`GOOD_SRC`,`DING`,`LOW`,`TIME` FROM `kuying_goods` WHERE `OR_INDEX` = 1 ORDER BY TIME desc  [ RunTime:0.000000s ]
SQL: SELECT `id`,`TITLE`,`INFO_TXT`,`INFO_IMG`,`GOOD_SRC`,`DING`,`LOW`,`TIME` FROM `kuying_goods` WHERE `OR_TOP` = 1 ORDER BY TIME desc  [ RunTime:0.000000s ]
SQL: SHOW COLUMNS FROM `kuying_goodlunbo` [ RunTime:0.004001s ]
SQL: SELECT `id`,`ZONE`,`GOOD_ID` FROM `kuying_goodlunbo` ORDER BY TIME desc  [ RunTime:0.001000s ]
SQL: SHOW COLUMNS FROM `kuying_99zone` [ RunTime:0.006000s ]
SQL: SELECT `GOOD_SRC` FROM `kuying_99zone` WHERE `id` = 3 LIMIT 1   [ RunTime:0.001000s ]
INFO: [ view_parse ] --START--
INFO: [ template_filter ] --START--
INFO: Run Behavior\ContentReplaceBehavior [ RunTime:0.000000s ]
INFO: [ template_filter ] --END-- [ RunTime:0.001000s ]
INFO: Run Behavior\ParseTemplateBehavior [ RunTime:0.050003s ]
INFO: [ view_parse ] --END-- [ RunTime:0.050003s ]
INFO: [ view_filter ] --START--
INFO: Run Behavior\WriteHtmlCacheBehavior [ RunTime:0.001000s ]
INFO: Run Behavior\TokenBuildBehavior [ RunTime:0.000000s ]
INFO: [ view_filter ] --END-- [ RunTime:0.001000s ]
INFO: [ app_end ] --START--
INFO: Run Behavior\ShowPageTraceBehavior [ RunTime:0.000000s ]
INFO: [ app_end ] --END-- [ RunTime:0.001000s ]
NOTIC: [8] Constant BIND_MODULE already defined C:\wamp\www\kuying\index.php 第 29 行.

[ 2015-05-27T21:35:22+08:00 ] 127.0.0.1 /kuying/index.php/Shopping
INFO: [ app_init ] --START--
INFO: Run Behavior\BuildLiteBehavior [ RunTime:0.000000s ]
INFO: [ app_init ] --END-- [ RunTime:0.001000s ]
INFO: [ app_begin ] --START--
INFO: Run Behavior\ReadHtmlCacheBehavior [ RunTime:0.001000s ]
INFO: [ app_begin ] --END-- [ RunTime:0.001000s ]
NOTIC: [8192] mysql_connect(): The mysql extension is deprecated and will be removed in the future: use mysqli or PDO instead C:\wamp\www\kuying\ThinkPHP\Library\Think\Db\Driver\Mysql.class.php 第 52 行.
SQL: SHOW COLUMNS FROM `kuying_zone` [ RunTime:0.006000s ]
SQL: SELECT `CONTENT` FROM `kuying_zone` WHERE `LIST` = 1 LIMIT 1   [ RunTime:0.003000s ]
SQL: SHOW COLUMNS FROM `kuying_goods` [ RunTime:0.004000s ]
SQL: SELECT `id`,`TITLE`,`INFO_IMG` FROM `kuying_goods` WHERE `id` IN ('5','1','2','3','4','5')  [ RunTime:0.001001s ]
SQL: SELECT `id`,`TITLE`,`INFO_TXT`,`INFO_IMG`,`GOOD_SRC`,`DING`,`LOW`,`TIME` FROM `kuying_goods` WHERE `OR_INDEX` = 1 ORDER BY TIME desc  [ RunTime:0.000000s ]
SQL: SELECT `id`,`TITLE`,`INFO_TXT`,`INFO_IMG`,`GOOD_SRC`,`DING`,`LOW`,`TIME` FROM `kuying_goods` WHERE `OR_TOP` = 1 ORDER BY TIME desc  [ RunTime:0.001000s ]
SQL: SHOW COLUMNS FROM `kuying_goodlunbo` [ RunTime:0.011000s ]
SQL: SELECT `id`,`ZONE`,`GOOD_ID` FROM `kuying_goodlunbo` ORDER BY TIME desc  [ RunTime:0.001000s ]
SQL: SHOW COLUMNS FROM `kuying_99zone` [ RunTime:0.005001s ]
SQL: SELECT `GOOD_SRC` FROM `kuying_99zone` WHERE `id` = 3 LIMIT 1   [ RunTime:0.000000s ]
INFO: [ view_parse ] --START--
INFO: [ template_filter ] --START--
INFO: Run Behavior\ContentReplaceBehavior [ RunTime:0.000000s ]
INFO: [ template_filter ] --END-- [ RunTime:0.000000s ]
INFO: Run Behavior\ParseTemplateBehavior [ RunTime:0.060003s ]
INFO: [ view_parse ] --END-- [ RunTime:0.060003s ]
INFO: [ view_filter ] --START--
INFO: Run Behavior\WriteHtmlCacheBehavior [ RunTime:0.004001s ]
INFO: Run Behavior\TokenBuildBehavior [ RunTime:0.002000s ]
INFO: [ view_filter ] --END-- [ RunTime:0.006001s ]
INFO: [ app_end ] --START--
INFO: Run Behavior\ShowPageTraceBehavior [ RunTime:0.002000s ]
INFO: [ app_end ] --END-- [ RunTime:0.003000s ]
NOTIC: [8] Constant BIND_MODULE already defined C:\wamp\www\kuying\index.php 第 29 行.

[ 2015-05-27T21:36:48+08:00 ] 127.0.0.1 /kuying/index.php/Shopping
INFO: [ app_init ] --START--
INFO: Run Behavior\BuildLiteBehavior [ RunTime:0.000000s ]
INFO: [ app_init ] --END-- [ RunTime:0.000000s ]
INFO: [ app_begin ] --START--
INFO: Run Behavior\ReadHtmlCacheBehavior [ RunTime:0.001000s ]
INFO: [ app_begin ] --END-- [ RunTime:0.002000s ]
NOTIC: [8192] mysql_connect(): The mysql extension is deprecated and will be removed in the future: use mysqli or PDO instead C:\wamp\www\kuying\ThinkPHP\Library\Think\Db\Driver\Mysql.class.php 第 52 行.
SQL: SHOW COLUMNS FROM `kuying_zone` [ RunTime:0.005001s ]
SQL: SELECT `CONTENT` FROM `kuying_zone` WHERE `LIST` = 1 LIMIT 1   [ RunTime:0.001000s ]
SQL: SHOW COLUMNS FROM `kuying_goods` [ RunTime:0.006000s ]
SQL: SELECT `id`,`TITLE`,`INFO_IMG` FROM `kuying_goods` WHERE `id` IN ('5','1','2','3','4','5')  [ RunTime:0.000000s ]
SQL: SELECT `id`,`TITLE`,`INFO_TXT`,`INFO_IMG`,`GOOD_SRC`,`DING`,`LOW`,`TIME` FROM `kuying_goods` WHERE `OR_INDEX` = 1 ORDER BY TIME desc  [ RunTime:0.000000s ]
SQL: SELECT `id`,`TITLE`,`INFO_TXT`,`INFO_IMG`,`GOOD_SRC`,`DING`,`LOW`,`TIME` FROM `kuying_goods` WHERE `OR_TOP` = 1 ORDER BY TIME desc  [ RunTime:0.000000s ]
SQL: SHOW COLUMNS FROM `kuying_goodlunbo` [ RunTime:0.004001s ]
SQL: SELECT `id`,`ZONE`,`GOOD_ID` FROM `kuying_goodlunbo` ORDER BY TIME desc  [ RunTime:0.002000s ]
SQL: SHOW COLUMNS FROM `kuying_99zone` [ RunTime:0.006000s ]
SQL: SELECT `GOOD_SRC` FROM `kuying_99zone` WHERE `id` = 3 LIMIT 1   [ RunTime:0.001000s ]
INFO: [ view_parse ] --START--
INFO: [ template_filter ] --START--
INFO: Run Behavior\ContentReplaceBehavior [ RunTime:0.000000s ]
INFO: [ template_filter ] --END-- [ RunTime:0.001000s ]
INFO: Run Behavior\ParseTemplateBehavior [ RunTime:0.049003s ]
INFO: [ view_parse ] --END-- [ RunTime:0.049003s ]
INFO: [ view_filter ] --START--
INFO: Run Behavior\WriteHtmlCacheBehavior [ RunTime:0.002000s ]
INFO: Run Behavior\TokenBuildBehavior [ RunTime:0.001000s ]
INFO: [ view_filter ] --END-- [ RunTime:0.004000s ]
INFO: [ app_end ] --START--
INFO: Run Behavior\ShowPageTraceBehavior [ RunTime:0.001000s ]
INFO: [ app_end ] --END-- [ RunTime:0.002000s ]
NOTIC: [8] Constant BIND_MODULE already defined C:\wamp\www\kuying\index.php 第 29 行.

[ 2015-05-27T21:38:02+08:00 ] 127.0.0.1 /kuying/index.php/Shopping
INFO: [ app_init ] --START--
INFO: Run Behavior\BuildLiteBehavior [ RunTime:0.000000s ]
INFO: [ app_init ] --END-- [ RunTime:0.001000s ]
INFO: [ app_begin ] --START--
INFO: Run Behavior\ReadHtmlCacheBehavior [ RunTime:0.001000s ]
INFO: [ app_begin ] --END-- [ RunTime:0.001000s ]
NOTIC: [8192] mysql_connect(): The mysql extension is deprecated and will be removed in the future: use mysqli or PDO instead C:\wamp\www\kuying\ThinkPHP\Library\Think\Db\Driver\Mysql.class.php 第 52 行.
SQL: SHOW COLUMNS FROM `kuying_zone` [ RunTime:0.004001s ]
SQL: SELECT `CONTENT` FROM `kuying_zone` WHERE `LIST` = 1 LIMIT 1   [ RunTime:0.001000s ]
SQL: SHOW COLUMNS FROM `kuying_goods` [ RunTime:0.005000s ]
SQL: SELECT `id`,`TITLE`,`INFO_IMG` FROM `kuying_goods` WHERE `id` IN ('5','1','2','3','4','5')  [ RunTime:0.000000s ]
SQL: SELECT `id`,`TITLE`,`INFO_TXT`,`INFO_IMG`,`GOOD_SRC`,`DING`,`LOW`,`TIME` FROM `kuying_goods` WHERE `OR_INDEX` = 1 ORDER BY TIME desc  [ RunTime:0.001000s ]
SQL: SELECT `id`,`TITLE`,`INFO_TXT`,`INFO_IMG`,`GOOD_SRC`,`DING`,`LOW`,`TIME` FROM `kuying_goods` WHERE `OR_TOP` = 1 ORDER BY TIME desc  [ RunTime:0.001000s ]
SQL: SHOW COLUMNS FROM `kuying_goodlunbo` [ RunTime:0.004001s ]
SQL: SELECT `id`,`ZONE`,`GOOD_ID` FROM `kuying_goodlunbo` ORDER BY TIME desc  [ RunTime:0.000000s ]
SQL: SHOW COLUMNS FROM `kuying_99zone` [ RunTime:0.004000s ]
SQL: SELECT `GOOD_SRC` FROM `kuying_99zone` WHERE `id` = 3 LIMIT 1   [ RunTime:0.000000s ]
INFO: [ view_parse ] --START--
INFO: [ template_filter ] --START--
INFO: Run Behavior\ContentReplaceBehavior [ RunTime:0.000000s ]
INFO: [ template_filter ] --END-- [ RunTime:0.001000s ]
INFO: Run Behavior\ParseTemplateBehavior [ RunTime:0.066004s ]
INFO: [ view_parse ] --END-- [ RunTime:0.066004s ]
INFO: [ view_filter ] --START--
INFO: Run Behavior\WriteHtmlCacheBehavior [ RunTime:0.001000s ]
INFO: Run Behavior\TokenBuildBehavior [ RunTime:0.001000s ]
INFO: [ view_filter ] --END-- [ RunTime:0.003000s ]
INFO: [ app_end ] --START--
INFO: Run Behavior\ShowPageTraceBehavior [ RunTime:0.004000s ]
INFO: [ app_end ] --END-- [ RunTime:0.004000s ]
NOTIC: [8] Constant BIND_MODULE already defined C:\wamp\www\kuying\index.php 第 29 行.

[ 2015-05-27T21:38:05+08:00 ] 127.0.0.1 /kuying/index.php/Shopping
INFO: [ app_init ] --START--
INFO: Run Behavior\BuildLiteBehavior [ RunTime:0.000000s ]
INFO: [ app_init ] --END-- [ RunTime:0.001000s ]
INFO: [ app_begin ] --START--
INFO: Run Behavior\ReadHtmlCacheBehavior [ RunTime:0.001000s ]
INFO: [ app_begin ] --END-- [ RunTime:0.001000s ]
NOTIC: [8192] mysql_connect(): The mysql extension is deprecated and will be removed in the future: use mysqli or PDO instead C:\wamp\www\kuying\ThinkPHP\Library\Think\Db\Driver\Mysql.class.php 第 52 行.
SQL: SHOW COLUMNS FROM `kuying_zone` [ RunTime:0.005000s ]
SQL: SELECT `CONTENT` FROM `kuying_zone` WHERE `LIST` = 1 LIMIT 1   [ RunTime:0.000000s ]
SQL: SHOW COLUMNS FROM `kuying_goods` [ RunTime:0.004000s ]
SQL: SELECT `id`,`TITLE`,`INFO_IMG` FROM `kuying_goods` WHERE `id` IN ('5','1','2','3','4','5')  [ RunTime:0.001000s ]
SQL: SELECT `id`,`TITLE`,`INFO_TXT`,`INFO_IMG`,`GOOD_SRC`,`DING`,`LOW`,`TIME` FROM `kuying_goods` WHERE `OR_INDEX` = 1 ORDER BY TIME desc  [ RunTime:0.001000s ]
SQL: SELECT `id`,`TITLE`,`INFO_TXT`,`INFO_IMG`,`GOOD_SRC`,`DING`,`LOW`,`TIME` FROM `kuying_goods` WHERE `OR_TOP` = 1 ORDER BY TIME desc  [ RunTime:0.000000s ]
SQL: SHOW COLUMNS FROM `kuying_goodlunbo` [ RunTime:0.003000s ]
SQL: SELECT `id`,`ZONE`,`GOOD_ID` FROM `kuying_goodlunbo` ORDER BY TIME desc  [ RunTime:0.000000s ]
SQL: SHOW COLUMNS FROM `kuying_99zone` [ RunTime:0.003000s ]
SQL: SELECT `GOOD_SRC` FROM `kuying_99zone` WHERE `id` = 3 LIMIT 1   [ RunTime:0.001000s ]
INFO: [ view_parse ] --START--
INFO: [ template_filter ] --START--
INFO: Run Behavior\ContentReplaceBehavior [ RunTime:0.000000s ]
INFO: [ template_filter ] --END-- [ RunTime:0.001000s ]
INFO: Run Behavior\ParseTemplateBehavior [ RunTime:0.049003s ]
INFO: [ view_parse ] --END-- [ RunTime:0.049003s ]
INFO: [ view_filter ] --START--
INFO: Run Behavior\WriteHtmlCacheBehavior [ RunTime:0.001000s ]
INFO: Run Behavior\TokenBuildBehavior [ RunTime:0.001000s ]
INFO: [ view_filter ] --END-- [ RunTime:0.002000s ]
INFO: [ app_end ] --START--
INFO: Run Behavior\ShowPageTraceBehavior [ RunTime:0.001000s ]
INFO: [ app_end ] --END-- [ RunTime:0.001000s ]
NOTIC: [8] Constant BIND_MODULE already defined C:\wamp\www\kuying\index.php 第 29 行.

[ 2015-05-27T21:38:11+08:00 ] 127.0.0.1 /kuying/index.php/Shopping
INFO: [ app_init ] --START--
INFO: Run Behavior\BuildLiteBehavior [ RunTime:0.000000s ]
INFO: [ app_init ] --END-- [ RunTime:0.002000s ]
INFO: [ app_begin ] --START--
INFO: Run Behavior\ReadHtmlCacheBehavior [ RunTime:0.001000s ]
INFO: [ app_begin ] --END-- [ RunTime:0.003000s ]
NOTIC: [8192] mysql_connect(): The mysql extension is deprecated and will be removed in the future: use mysqli or PDO instead C:\wamp\www\kuying\ThinkPHP\Library\Think\Db\Driver\Mysql.class.php 第 52 行.
SQL: SHOW COLUMNS FROM `kuying_zone` [ RunTime:0.006001s ]
SQL: SELECT `CONTENT` FROM `kuying_zone` WHERE `LIST` = 1 LIMIT 1   [ RunTime:0.000000s ]
SQL: SHOW COLUMNS FROM `kuying_goods` [ RunTime:0.005000s ]
SQL: SELECT `id`,`TITLE`,`INFO_IMG` FROM `kuying_goods` WHERE `id` IN ('5','1','2','3','4','5')  [ RunTime:0.000000s ]
SQL: SELECT `id`,`TITLE`,`INFO_TXT`,`INFO_IMG`,`GOOD_SRC`,`DING`,`LOW`,`TIME` FROM `kuying_goods` WHERE `OR_INDEX` = 1 ORDER BY TIME desc  [ RunTime:0.000000s ]
SQL: SELECT `id`,`TITLE`,`INFO_TXT`,`INFO_IMG`,`GOOD_SRC`,`DING`,`LOW`,`TIME` FROM `kuying_goods` WHERE `OR_TOP` = 1 ORDER BY TIME desc  [ RunTime:0.001000s ]
SQL: SHOW COLUMNS FROM `kuying_goodlunbo` [ RunTime:0.005001s ]
SQL: SELECT `id`,`ZONE`,`GOOD_ID` FROM `kuying_goodlunbo` ORDER BY TIME desc  [ RunTime:0.001000s ]
SQL: SHOW COLUMNS FROM `kuying_99zone` [ RunTime:0.005000s ]
SQL: SELECT `GOOD_SRC` FROM `kuying_99zone` WHERE `id` = 3 LIMIT 1   [ RunTime:0.000000s ]
INFO: [ view_parse ] --START--
INFO: [ template_filter ] --START--
INFO: Run Behavior\ContentReplaceBehavior [ RunTime:0.000000s ]
INFO: [ template_filter ] --END-- [ RunTime:0.000000s ]
INFO: Run Behavior\ParseTemplateBehavior [ RunTime:0.056003s ]
INFO: [ view_parse ] --END-- [ RunTime:0.056003s ]
INFO: [ view_filter ] --START--
INFO: Run Behavior\WriteHtmlCacheBehavior [ RunTime:0.001000s ]
INFO: Run Behavior\TokenBuildBehavior [ RunTime:0.001001s ]
INFO: [ view_filter ] --END-- [ RunTime:0.003001s ]
INFO: [ app_end ] --START--
INFO: Run Behavior\ShowPageTraceBehavior [ RunTime:0.001000s ]
INFO: [ app_end ] --END-- [ RunTime:0.001000s ]
NOTIC: [8] Constant BIND_MODULE already defined C:\wamp\www\kuying\index.php 第 29 行.

[ 2015-05-27T21:39:37+08:00 ] 127.0.0.1 /kuying/index.php/Shopping
INFO: [ app_init ] --START--
INFO: Run Behavior\BuildLiteBehavior [ RunTime:0.000000s ]
INFO: [ app_init ] --END-- [ RunTime:0.001000s ]
INFO: [ app_begin ] --START--
INFO: Run Behavior\ReadHtmlCacheBehavior [ RunTime:0.001000s ]
INFO: [ app_begin ] --END-- [ RunTime:0.001000s ]
NOTIC: [8192] mysql_connect(): The mysql extension is deprecated and will be removed in the future: use mysqli or PDO instead C:\wamp\www\kuying\ThinkPHP\Library\Think\Db\Driver\Mysql.class.php 第 52 行.
SQL: SHOW COLUMNS FROM `kuying_zone` [ RunTime:0.005000s ]
SQL: SELECT `CONTENT` FROM `kuying_zone` WHERE `LIST` = 1 LIMIT 1   [ RunTime:0.001000s ]
SQL: SHOW COLUMNS FROM `kuying_goods` [ RunTime:0.007001s ]
SQL: SELECT `id`,`TITLE`,`INFO_IMG` FROM `kuying_goods` WHERE `id` IN ('5','1','2','3','4','5')  [ RunTime:0.002000s ]
SQL: SELECT `id`,`TITLE`,`INFO_TXT`,`INFO_IMG`,`GOOD_SRC`,`DING`,`LOW`,`TIME` FROM `kuying_goods` WHERE `OR_INDEX` = 1 ORDER BY TIME desc  [ RunTime:0.002000s ]
SQL: SELECT `id`,`TITLE`,`INFO_TXT`,`INFO_IMG`,`GOOD_SRC`,`DING`,`LOW`,`TIME` FROM `kuying_goods` WHERE `OR_TOP` = 1 ORDER BY TIME desc  [ RunTime:0.000000s ]
SQL: SHOW COLUMNS FROM `kuying_goodlunbo` [ RunTime:0.006000s ]
SQL: SELECT `id`,`ZONE`,`GOOD_ID` FROM `kuying_goodlunbo` ORDER BY TIME desc  [ RunTime:0.001000s ]
SQL: SHOW COLUMNS FROM `kuying_99zone` [ RunTime:0.004001s ]
SQL: SELECT `GOOD_SRC` FROM `kuying_99zone` WHERE `id` = 3 LIMIT 1   [ RunTime:0.000000s ]
INFO: [ view_parse ] --START--
INFO: [ template_filter ] --START--
INFO: Run Behavior\ContentReplaceBehavior [ RunTime:0.000000s ]
INFO: [ template_filter ] --END-- [ RunTime:0.001000s ]
INFO: Run Behavior\ParseTemplateBehavior [ RunTime:0.049003s ]
INFO: [ view_parse ] --END-- [ RunTime:0.050003s ]
INFO: [ view_filter ] --START--
INFO: Run Behavior\WriteHtmlCacheBehavior [ RunTime:0.000000s ]
INFO: Run Behavior\TokenBuildBehavior [ RunTime:0.001000s ]
INFO: [ view_filter ] --END-- [ RunTime:0.001000s ]
INFO: [ app_end ] --START--
INFO: Run Behavior\ShowPageTraceBehavior [ RunTime:0.001000s ]
INFO: [ app_end ] --END-- [ RunTime:0.001000s ]
NOTIC: [8] Constant BIND_MODULE already defined C:\wamp\www\kuying\index.php 第 29 行.

[ 2015-05-27T21:42:37+08:00 ] 127.0.0.1 /kuying/index.php/Shopping
INFO: [ app_init ] --START--
INFO: Run Behavior\BuildLiteBehavior [ RunTime:0.000000s ]
INFO: [ app_init ] --END-- [ RunTime:0.001000s ]
INFO: [ app_begin ] --START--
INFO: Run Behavior\ReadHtmlCacheBehavior [ RunTime:0.001000s ]
INFO: [ app_begin ] --END-- [ RunTime:0.001000s ]
NOTIC: [8192] mysql_connect(): The mysql extension is deprecated and will be removed in the future: use mysqli or PDO instead C:\wamp\www\kuying\ThinkPHP\Library\Think\Db\Driver\Mysql.class.php 第 52 行.
SQL: SHOW COLUMNS FROM `kuying_zone` [ RunTime:0.003000s ]
SQL: SELECT `CONTENT` FROM `kuying_zone` WHERE `LIST` = 1 LIMIT 1   [ RunTime:0.001000s ]
SQL: SHOW COLUMNS FROM `kuying_goods` [ RunTime:0.005001s ]
SQL: SELECT `id`,`TITLE`,`INFO_IMG` FROM `kuying_goods` WHERE `id` IN ('5','1','2','3','4','5')  [ RunTime:0.001000s ]
SQL: SELECT `id`,`TITLE`,`INFO_TXT`,`INFO_IMG`,`GOOD_SRC`,`DING`,`LOW`,`TIME` FROM `kuying_goods` WHERE `OR_INDEX` = 1 ORDER BY TIME desc  [ RunTime:0.000000s ]
SQL: SELECT `id`,`TITLE`,`INFO_TXT`,`INFO_IMG`,`GOOD_SRC`,`DING`,`LOW`,`TIME` FROM `kuying_goods` WHERE `OR_TOP` = 1 ORDER BY TIME desc  [ RunTime:0.000000s ]
SQL: SHOW COLUMNS FROM `kuying_goodlunbo` [ RunTime:0.003000s ]
SQL: SELECT `id`,`ZONE`,`GOOD_ID` FROM `kuying_goodlunbo` ORDER BY TIME desc  [ RunTime:0.001000s ]
SQL: SHOW COLUMNS FROM `kuying_99zone` [ RunTime:0.003000s ]
SQL: SELECT `GOOD_SRC` FROM `kuying_99zone` WHERE `id` = 3 LIMIT 1   [ RunTime:0.000000s ]
INFO: [ view_parse ] --START--
INFO: [ template_filter ] --START--
INFO: Run Behavior\ContentReplaceBehavior [ RunTime:0.000000s ]
INFO: [ template_filter ] --END-- [ RunTime:0.000000s ]
INFO: Run Behavior\ParseTemplateBehavior [ RunTime:0.049003s ]
INFO: [ view_parse ] --END-- [ RunTime:0.049003s ]
INFO: [ view_filter ] --START--
INFO: Run Behavior\WriteHtmlCacheBehavior [ RunTime:0.000000s ]
INFO: Run Behavior\TokenBuildBehavior [ RunTime:0.001000s ]
INFO: [ view_filter ] --END-- [ RunTime:0.001000s ]
INFO: [ app_end ] --START--
INFO: Run Behavior\ShowPageTraceBehavior [ RunTime:0.000000s ]
INFO: [ app_end ] --END-- [ RunTime:0.001000s ]
NOTIC: [8] Constant BIND_MODULE already defined C:\wamp\www\kuying\index.php 第 29 行.

[ 2015-05-27T21:42:58+08:00 ] 127.0.0.1 /kuying/index.php/Shopping
INFO: [ app_init ] --START--
INFO: Run Behavior\BuildLiteBehavior [ RunTime:0.000000s ]
INFO: [ app_init ] --END-- [ RunTime:0.001000s ]
INFO: [ app_begin ] --START--
INFO: Run Behavior\ReadHtmlCacheBehavior [ RunTime:0.001000s ]
INFO: [ app_begin ] --END-- [ RunTime:0.001000s ]
NOTIC: [8192] mysql_connect(): The mysql extension is deprecated and will be removed in the future: use mysqli or PDO instead C:\wamp\www\kuying\ThinkPHP\Library\Think\Db\Driver\Mysql.class.php 第 52 行.
SQL: SHOW COLUMNS FROM `kuying_zone` [ RunTime:0.003000s ]
SQL: SELECT `CONTENT` FROM `kuying_zone` WHERE `LIST` = 1 LIMIT 1   [ RunTime:0.001000s ]
SQL: SHOW COLUMNS FROM `kuying_goods` [ RunTime:0.008000s ]
SQL: SELECT `id`,`TITLE`,`INFO_IMG` FROM `kuying_goods` WHERE `id` IN ('5','1','2','3','4','5')  [ RunTime:0.000000s ]
SQL: SELECT `id`,`TITLE`,`INFO_TXT`,`INFO_IMG`,`GOOD_SRC`,`DING`,`LOW`,`TIME` FROM `kuying_goods` WHERE `OR_INDEX` = 1 ORDER BY TIME desc  [ RunTime:0.000000s ]
SQL: SELECT `id`,`TITLE`,`INFO_TXT`,`INFO_IMG`,`GOOD_SRC`,`DING`,`LOW`,`TIME` FROM `kuying_goods` WHERE `OR_TOP` = 1 ORDER BY TIME desc  [ RunTime:0.000000s ]
SQL: SHOW COLUMNS FROM `kuying_goodlunbo` [ RunTime:0.005001s ]
SQL: SELECT `id`,`ZONE`,`GOOD_ID` FROM `kuying_goodlunbo` ORDER BY TIME desc  [ RunTime:0.002000s ]
SQL: SHOW COLUMNS FROM `kuying_99zone` [ RunTime:0.004000s ]
SQL: SELECT `GOOD_SRC` FROM `kuying_99zone` WHERE `id` = 3 LIMIT 1   [ RunTime:0.000000s ]
INFO: [ view_parse ] --START--
INFO: [ template_filter ] --START--
INFO: Run Behavior\ContentReplaceBehavior [ RunTime:0.000000s ]
INFO: [ template_filter ] --END-- [ RunTime:0.000000s ]
INFO: Run Behavior\ParseTemplateBehavior [ RunTime:0.051003s ]
INFO: [ view_parse ] --END-- [ RunTime:0.051003s ]
INFO: [ view_filter ] --START--
INFO: Run Behavior\WriteHtmlCacheBehavior [ RunTime:0.000000s ]
INFO: Run Behavior\TokenBuildBehavior [ RunTime:0.001000s ]
INFO: [ view_filter ] --END-- [ RunTime:0.002000s ]
INFO: [ app_end ] --START--
INFO: Run Behavior\ShowPageTraceBehavior [ RunTime:0.003000s ]
INFO: [ app_end ] --END-- [ RunTime:0.004000s ]
NOTIC: [8] Constant BIND_MODULE already defined C:\wamp\www\kuying\index.php 第 29 行.

[ 2015-05-27T21:43:04+08:00 ] 127.0.0.1 /kuying/index.php/Shopping
INFO: [ app_init ] --START--
INFO: Run Behavior\BuildLiteBehavior [ RunTime:0.000000s ]
INFO: [ app_init ] --END-- [ RunTime:0.000000s ]
INFO: [ app_begin ] --START--
INFO: Run Behavior\ReadHtmlCacheBehavior [ RunTime:0.001000s ]
INFO: [ app_begin ] --END-- [ RunTime:0.001000s ]
NOTIC: [8192] mysql_connect(): The mysql extension is deprecated and will be removed in the future: use mysqli or PDO instead C:\wamp\www\kuying\ThinkPHP\Library\Think\Db\Driver\Mysql.class.php 第 52 行.
SQL: SHOW COLUMNS FROM `kuying_zone` [ RunTime:0.004000s ]
SQL: SELECT `CONTENT` FROM `kuying_zone` WHERE `LIST` = 1 LIMIT 1   [ RunTime:0.001000s ]
SQL: SHOW COLUMNS FROM `kuying_goods` [ RunTime:0.009001s ]
SQL: SELECT `id`,`TITLE`,`INFO_IMG` FROM `kuying_goods` WHERE `id` IN ('5','1','2','3','4','5')  [ RunTime:0.001000s ]
SQL: SELECT `id`,`TITLE`,`INFO_TXT`,`INFO_IMG`,`GOOD_SRC`,`DING`,`LOW`,`TIME` FROM `kuying_goods` WHERE `OR_INDEX` = 1 ORDER BY TIME desc  [ RunTime:0.001000s ]
SQL: SELECT `id`,`TITLE`,`INFO_TXT`,`INFO_IMG`,`GOOD_SRC`,`DING`,`LOW`,`TIME` FROM `kuying_goods` WHERE `OR_TOP` = 1 ORDER BY TIME desc  [ RunTime:0.001000s ]
SQL: SHOW COLUMNS FROM `kuying_goodlunbo` [ RunTime:0.007001s ]
SQL: SELECT `id`,`ZONE`,`GOOD_ID` FROM `kuying_goodlunbo` ORDER BY TIME desc  [ RunTime:0.000000s ]
SQL: SHOW COLUMNS FROM `kuying_99zone` [ RunTime:0.005000s ]
SQL: SELECT `GOOD_SRC` FROM `kuying_99zone` WHERE `id` = 3 LIMIT 1   [ RunTime:0.001000s ]
INFO: [ view_parse ] --START--
INFO: [ template_filter ] --START--
INFO: Run Behavior\ContentReplaceBehavior [ RunTime:0.000000s ]
INFO: [ template_filter ] --END-- [ RunTime:0.000000s ]
INFO: Run Behavior\ParseTemplateBehavior [ RunTime:0.059004s ]
INFO: [ view_parse ] --END-- [ RunTime:0.059004s ]
INFO: [ view_filter ] --START--
INFO: Run Behavior\WriteHtmlCacheBehavior [ RunTime:0.001000s ]
INFO: Run Behavior\TokenBuildBehavior [ RunTime:0.001000s ]
INFO: [ view_filter ] --END-- [ RunTime:0.002000s ]
INFO: [ app_end ] --START--
INFO: Run Behavior\ShowPageTraceBehavior [ RunTime:0.002000s ]
INFO: [ app_end ] --END-- [ RunTime:0.002000s ]
NOTIC: [8] Constant BIND_MODULE already defined C:\wamp\www\kuying\index.php 第 29 行.

[ 2015-05-27T22:45:25+08:00 ] 127.0.0.1 /kuying/index.php/Shopping
INFO: [ app_init ] --START--
INFO: Run Behavior\BuildLiteBehavior [ RunTime:0.000000s ]
INFO: [ app_init ] --END-- [ RunTime:0.002000s ]
INFO: [ app_begin ] --START--
INFO: Run Behavior\ReadHtmlCacheBehavior [ RunTime:0.002000s ]
INFO: [ app_begin ] --END-- [ RunTime:0.002000s ]
NOTIC: [8192] mysql_connect(): The mysql extension is deprecated and will be removed in the future: use mysqli or PDO instead C:\wamp\www\kuying\ThinkPHP\Library\Think\Db\Driver\Mysql.class.php 第 52 行.
SQL: SHOW COLUMNS FROM `kuying_zone` [ RunTime:0.004000s ]
SQL: SELECT `CONTENT` FROM `kuying_zone` WHERE `LIST` = 1 LIMIT 1   [ RunTime:0.001000s ]
SQL: SHOW COLUMNS FROM `kuying_goods` [ RunTime:0.005001s ]
SQL: SELECT `id`,`TITLE`,`INFO_IMG` FROM `kuying_goods` WHERE `id` IN ('5','1','2','3','4','5')  [ RunTime:0.001000s ]
SQL: SELECT `id`,`TITLE`,`INFO_TXT`,`INFO_IMG`,`GOOD_SRC`,`DING`,`LOW`,`TIME` FROM `kuying_goods` WHERE `OR_INDEX` = 1 ORDER BY TIME desc  [ RunTime:0.000000s ]
SQL: SELECT `id`,`TITLE`,`INFO_TXT`,`INFO_IMG`,`GOOD_SRC`,`DING`,`LOW`,`TIME` FROM `kuying_goods` WHERE `OR_TOP` = 1 ORDER BY TIME desc  [ RunTime:0.000000s ]
SQL: SHOW COLUMNS FROM `kuying_goodlunbo` [ RunTime:0.003000s ]
SQL: SELECT `id`,`ZONE`,`GOOD_ID` FROM `kuying_goodlunbo` ORDER BY TIME desc  [ RunTime:0.001000s ]
SQL: SHOW COLUMNS FROM `kuying_99zone` [ RunTime:0.005000s ]
SQL: SELECT `GOOD_SRC` FROM `kuying_99zone` WHERE `id` = 3 LIMIT 1   [ RunTime:0.001000s ]
INFO: [ view_parse ] --START--
INFO: [ template_filter ] --START--
INFO: Run Behavior\ContentReplaceBehavior [ RunTime:0.000000s ]
INFO: [ template_filter ] --END-- [ RunTime:0.001000s ]
INFO: Run Behavior\ParseTemplateBehavior [ RunTime:0.064004s ]
INFO: [ view_parse ] --END-- [ RunTime:0.064004s ]
INFO: [ view_filter ] --START--
INFO: Run Behavior\WriteHtmlCacheBehavior [ RunTime:0.003000s ]
INFO: Run Behavior\TokenBuildBehavior [ RunTime:0.002000s ]
INFO: [ view_filter ] --END-- [ RunTime:0.005000s ]
INFO: [ app_end ] --START--
INFO: Run Behavior\ShowPageTraceBehavior [ RunTime:0.003001s ]
INFO: [ app_end ] --END-- [ RunTime:0.003001s ]
NOTIC: [8] Constant BIND_MODULE already defined C:\wamp\www\kuying\index.php 第 29 行.

[ 2015-05-27T23:29:57+08:00 ] 127.0.0.1 /kuying/index.php/Shopping
INFO: [ app_init ] --START--
INFO: Run Behavior\BuildLiteBehavior [ RunTime:0.000000s ]
INFO: [ app_init ] --END-- [ RunTime:0.001000s ]
INFO: [ app_begin ] --START--
INFO: Run Behavior\ReadHtmlCacheBehavior [ RunTime:0.001000s ]
INFO: [ app_begin ] --END-- [ RunTime:0.001000s ]
NOTIC: [8192] mysql_connect(): The mysql extension is deprecated and will be removed in the future: use mysqli or PDO instead C:\wamp\www\kuying\ThinkPHP\Library\Think\Db\Driver\Mysql.class.php 第 52 行.
SQL: SHOW COLUMNS FROM `kuying_zone` [ RunTime:0.007000s ]
SQL: SELECT `CONTENT` FROM `kuying_zone` WHERE `LIST` = 1 LIMIT 1   [ RunTime:0.000000s ]
SQL: SHOW COLUMNS FROM `kuying_goods` [ RunTime:0.004000s ]
SQL: SELECT `id`,`TITLE`,`INFO_IMG` FROM `kuying_goods` WHERE `id` IN ('5','1','2','3','4','5')  [ RunTime:0.001000s ]
SQL: SELECT `id`,`TITLE`,`INFO_TXT`,`INFO_IMG`,`GOOD_SRC`,`DING`,`LOW`,`TIME` FROM `kuying_goods` WHERE `OR_INDEX` = 1 ORDER BY TIME desc  [ RunTime:0.001000s ]
SQL: SELECT `id`,`TITLE`,`INFO_TXT`,`INFO_IMG`,`GOOD_SRC`,`DING`,`LOW`,`TIME` FROM `kuying_goods` WHERE `OR_TOP` = 1 ORDER BY TIME desc  [ RunTime:0.001000s ]
SQL: SHOW COLUMNS FROM `kuying_goodlunbo` [ RunTime:0.003001s ]
SQL: SELECT `id`,`ZONE`,`GOOD_ID` FROM `kuying_goodlunbo` ORDER BY TIME desc  [ RunTime:0.000000s ]
SQL: SHOW COLUMNS FROM `kuying_99zone` [ RunTime:0.004000s ]
SQL: SELECT `GOOD_SRC` FROM `kuying_99zone` WHERE `id` = 3 LIMIT 1   [ RunTime:0.001000s ]
INFO: [ view_parse ] --START--
INFO: [ template_filter ] --START--
INFO: Run Behavior\ContentReplaceBehavior [ RunTime:0.001000s ]
INFO: [ template_filter ] --END-- [ RunTime:0.001000s ]
INFO: Run Behavior\ParseTemplateBehavior [ RunTime:0.053003s ]
INFO: [ view_parse ] --END-- [ RunTime:0.053003s ]
INFO: [ view_filter ] --START--
INFO: Run Behavior\WriteHtmlCacheBehavior [ RunTime:0.001000s ]
INFO: Run Behavior\TokenBuildBehavior [ RunTime:0.000000s ]
INFO: [ view_filter ] --END-- [ RunTime:0.003000s ]
INFO: [ app_end ] --START--
INFO: Run Behavior\ShowPageTraceBehavior [ RunTime:0.002000s ]
INFO: [ app_end ] --END-- [ RunTime:0.002000s ]
NOTIC: [8] Constant BIND_MODULE already defined C:\wamp\www\kuying\index.php 第 29 行.

[ 2015-05-27T23:30:32+08:00 ] 127.0.0.1 /kuying/index.php/Shopping
INFO: [ app_init ] --START--
INFO: Run Behavior\BuildLiteBehavior [ RunTime:0.000000s ]
INFO: [ app_init ] --END-- [ RunTime:0.001000s ]
INFO: [ app_begin ] --START--
INFO: Run Behavior\ReadHtmlCacheBehavior [ RunTime:0.001000s ]
INFO: [ app_begin ] --END-- [ RunTime:0.001000s ]
NOTIC: [8192] mysql_connect(): The mysql extension is deprecated and will be removed in the future: use mysqli or PDO instead C:\wamp\www\kuying\ThinkPHP\Library\Think\Db\Driver\Mysql.class.php 第 52 行.
SQL: SHOW COLUMNS FROM `kuying_zone` [ RunTime:0.010001s ]
SQL: SELECT `CONTENT` FROM `kuying_zone` WHERE `LIST` = 1 LIMIT 1   [ RunTime:0.000000s ]
SQL: SHOW COLUMNS FROM `kuying_goods` [ RunTime:0.005000s ]
SQL: SELECT `id`,`TITLE`,`INFO_IMG` FROM `kuying_goods` WHERE `id` IN ('5','1','2','3','4','5')  [ RunTime:0.002000s ]
SQL: SELECT `id`,`TITLE`,`INFO_TXT`,`INFO_IMG`,`GOOD_SRC`,`DING`,`LOW`,`TIME` FROM `kuying_goods` WHERE `OR_INDEX` = 1 ORDER BY TIME desc  [ RunTime:0.001000s ]
SQL: SELECT `id`,`TITLE`,`INFO_TXT`,`INFO_IMG`,`GOOD_SRC`,`DING`,`LOW`,`TIME` FROM `kuying_goods` WHERE `OR_TOP` = 1 ORDER BY TIME desc  [ RunTime:0.001000s ]
SQL: SHOW COLUMNS FROM `kuying_goodlunbo` [ RunTime:0.006000s ]
SQL: SELECT `id`,`ZONE`,`GOOD_ID` FROM `kuying_goodlunbo` ORDER BY TIME desc  [ RunTime:0.001000s ]
SQL: SHOW COLUMNS FROM `kuying_99zone` [ RunTime:0.007001s ]
SQL: SELECT `GOOD_SRC` FROM `kuying_99zone` WHERE `id` = 3 LIMIT 1   [ RunTime:0.000000s ]
INFO: [ view_parse ] --START--
INFO: [ template_filter ] --START--
INFO: Run Behavior\ContentReplaceBehavior [ RunTime:0.001000s ]
INFO: [ template_filter ] --END-- [ RunTime:0.001000s ]
INFO: Run Behavior\ParseTemplateBehavior [ RunTime:0.056003s ]
INFO: [ view_parse ] --END-- [ RunTime:0.056003s ]
INFO: [ view_filter ] --START--
INFO: Run Behavior\WriteHtmlCacheBehavior [ RunTime:0.002000s ]
INFO: Run Behavior\TokenBuildBehavior [ RunTime:0.000000s ]
INFO: [ view_filter ] --END-- [ RunTime:0.003000s ]
INFO: [ app_end ] --START--
INFO: Run Behavior\ShowPageTraceBehavior [ RunTime:0.002000s ]
INFO: [ app_end ] --END-- [ RunTime:0.002000s ]
NOTIC: [8] Constant BIND_MODULE already defined C:\wamp\www\kuying\index.php 第 29 行.

