[ 2015-06-12T10:52:03+08:00 ] 127.0.0.1 /kuying/index.php/Shopping
INFO: [ app_init ] --START--
INFO: Run Behavior\BuildLiteBehavior [ RunTime:0.000000s ]
INFO: [ app_init ] --END-- [ RunTime:0.002001s ]
INFO: [ app_begin ] --START--
INFO: Run Behavior\ReadHtmlCacheBehavior [ RunTime:0.002000s ]
INFO: [ app_begin ] --END-- [ RunTime:0.002000s ]
NOTIC: [8192] mysql_connect(): The mysql extension is deprecated and will be removed in the future: use mysqli or PDO instead C:\wamp\www\kuying\ThinkPHP\Library\Think\Db\Driver\Mysql.class.php 第 52 行.
SQL: SHOW COLUMNS FROM `kuying_zone` [ RunTime:0.005000s ]
SQL: SELECT `CONTENT` FROM `kuying_zone` WHERE `LIST` = 1 LIMIT 1   [ RunTime:0.004001s ]
SQL: SHOW COLUMNS FROM `kuying_goods` [ RunTime:0.004000s ]
SQL: SELECT `id`,`TITLE`,`INFO_IMG` FROM `kuying_goods` WHERE `id` IN ('5','1','2','3','4','5')  [ RunTime:0.001000s ]
SQL: SELECT `id`,`TITLE`,`INFO_TXT`,`INFO_IMG`,`GOOD_SRC`,`DING`,`LOW`,`TIME` FROM `kuying_goods` WHERE `OR_INDEX` = 1 ORDER BY TIME desc  [ RunTime:0.001000s ]
SQL: SELECT `id`,`TITLE`,`INFO_TXT`,`INFO_IMG`,`GOOD_SRC`,`DING`,`LOW`,`TIME` FROM `kuying_goods` WHERE `OR_TOP` = 1 ORDER BY TIME desc  [ RunTime:0.000000s ]
SQL: SHOW COLUMNS FROM `kuying_goodlunbo` [ RunTime:0.005000s ]
SQL: SELECT `id`,`ZONE`,`GOOD_ID` FROM `kuying_goodlunbo` ORDER BY TIME desc  [ RunTime:0.000000s ]
SQL: SHOW COLUMNS FROM `kuying_99zone` [ RunTime:0.005000s ]
SQL: SELECT `GOOD_SRC` FROM `kuying_99zone` WHERE `id` = 3 LIMIT 1   [ RunTime:0.000000s ]
INFO: [ view_parse ] --START--
INFO: [ template_filter ] --START--
INFO: Run Behavior\ContentReplaceBehavior [ RunTime:0.001000s ]
INFO: [ template_filter ] --END-- [ RunTime:0.001000s ]
INFO: Run Behavior\ParseTemplateBehavior [ RunTime:0.060003s ]
INFO: [ view_parse ] --END-- [ RunTime:0.060003s ]
INFO: [ view_filter ] --START--
INFO: Run Behavior\WriteHtmlCacheBehavior [ RunTime:0.001001s ]
INFO: Run Behavior\TokenBuildBehavior [ RunTime:0.001000s ]
INFO: [ view_filter ] --END-- [ RunTime:0.004001s ]
INFO: [ app_end ] --START--
INFO: Run Behavior\ShowPageTraceBehavior [ RunTime:0.001000s ]
INFO: [ app_end ] --END-- [ RunTime:0.002000s ]
NOTIC: [8] Constant BIND_MODULE already defined C:\wamp\www\kuying\index.php 第 29 行.

