[ 2015-01-07T21:06:50+08:00 ] 127.0.0.1 /kuying/index.php/Admin/Index/index.html
INFO: [ app_init ] --START--
INFO: Run Behavior\BuildLiteBehavior [ RunTime:0.000000s ]
INFO: [ app_init ] --END-- [ RunTime:0.000000s ]
INFO: [ app_begin ] --START--
INFO: Run Behavior\ReadHtmlCacheBehavior [ RunTime:0.001000s ]
INFO: [ app_begin ] --END-- [ RunTime:0.001000s ]
INFO: [ view_parse ] --START--
INFO: [ template_filter ] --START--
INFO: Run Behavior\ContentReplaceBehavior [ RunTime:0.000000s ]
INFO: [ template_filter ] --END-- [ RunTime:0.000000s ]
INFO: Run Behavior\ParseTemplateBehavior [ RunTime:0.011000s ]
INFO: [ view_parse ] --END-- [ RunTime:0.011000s ]
INFO: [ view_filter ] --START--
INFO: Run Behavior\WriteHtmlCacheBehavior [ RunTime:0.001001s ]
INFO: [ view_filter ] --END-- [ RunTime:0.001001s ]

[ 2015-01-07T21:11:17+08:00 ] 127.0.0.1 /kuying/index.php/Admin/Index/index.html
INFO: [ app_init ] --START--
INFO: Run Behavior\BuildLiteBehavior [ RunTime:0.000000s ]
INFO: [ app_init ] --END-- [ RunTime:0.000000s ]
INFO: [ app_begin ] --START--
INFO: Run Behavior\ReadHtmlCacheBehavior [ RunTime:0.001001s ]
INFO: [ app_begin ] --END-- [ RunTime:0.001001s ]
INFO: [ view_parse ] --START--
INFO: [ template_filter ] --START--
INFO: Run Behavior\ContentReplaceBehavior [ RunTime:0.000000s ]
INFO: [ template_filter ] --END-- [ RunTime:0.001000s ]
INFO: Run Behavior\ParseTemplateBehavior [ RunTime:0.008000s ]
INFO: [ view_parse ] --END-- [ RunTime:0.008000s ]
INFO: [ view_filter ] --START--
INFO: Run Behavior\WriteHtmlCacheBehavior [ RunTime:0.001000s ]
INFO: [ view_filter ] --END-- [ RunTime:0.001000s ]

[ 2015-01-07T21:12:15+08:00 ] 127.0.0.1 /kuying/index.php/Admin/Index/index.html
INFO: [ app_init ] --START--
INFO: Run Behavior\BuildLiteBehavior [ RunTime:0.000000s ]
INFO: [ app_init ] --END-- [ RunTime:0.001000s ]
INFO: [ app_begin ] --START--
INFO: Run Behavior\ReadHtmlCacheBehavior [ RunTime:0.001000s ]
INFO: [ app_begin ] --END-- [ RunTime:0.001000s ]
INFO: [ view_parse ] --START--
INFO: [ template_filter ] --START--
INFO: Run Behavior\ContentReplaceBehavior [ RunTime:0.001001s ]
INFO: [ template_filter ] --END-- [ RunTime:0.001001s ]
INFO: Run Behavior\ParseTemplateBehavior [ RunTime:0.007001s ]
INFO: [ view_parse ] --END-- [ RunTime:0.007001s ]
INFO: [ view_filter ] --START--
INFO: Run Behavior\WriteHtmlCacheBehavior [ RunTime:0.000000s ]
INFO: [ view_filter ] --END-- [ RunTime:0.000000s ]

[ 2015-01-07T21:12:52+08:00 ] 127.0.0.1 /kuying/index.php/Admin/Index/index.html
INFO: [ app_init ] --START--
INFO: Run Behavior\BuildLiteBehavior [ RunTime:0.000000s ]
INFO: [ app_init ] --END-- [ RunTime:0.001000s ]
INFO: [ app_begin ] --START--
INFO: Run Behavior\ReadHtmlCacheBehavior [ RunTime:0.001000s ]
INFO: [ app_begin ] --END-- [ RunTime:0.002000s ]
NOTIC: [8192] mysql_connect(): The mysql extension is deprecated and will be removed in the future: use mysqli or PDO instead C:\wamp\www\kuying\ThinkPHP\Library\Think\Db\Driver\Mysql.class.php 第 52 行.
SQL: SHOW COLUMNS FROM `kuying_auth_group_access` [ RunTime:0.008001s ]
SQL: SELECT `rules` FROM kuying_auth_group_access a INNER JOIN kuying_auth_group g on a.group_id=g.id  WHERE ( a.uid='11' and g.status='1' )  [ RunTime:0.004000s ]
SQL: SHOW COLUMNS FROM `kuying_auth_rule` [ RunTime:0.006000s ]
SQL: SELECT `condition`,`name` FROM `kuying_auth_rule` WHERE `id` IN ('26','25','24','15','16','17','8','9','3','10','1','2','4','11','12','13') AND `type` = 1 AND `status` = 1  [ RunTime:0.000000s ]
NOTIC: [8192] Function eregi() is deprecated C:\wamp\www\kuying\Application\Admin\Controller\IndexController.class.php 第 47 行.
NOTIC: [8192] Function eregi() is deprecated C:\wamp\www\kuying\Application\Admin\Controller\IndexController.class.php 第 47 行.
NOTIC: [8192] Function eregi() is deprecated C:\wamp\www\kuying\Application\Admin\Controller\IndexController.class.php 第 51 行.
NOTIC: [8192] Function eregi() is deprecated C:\wamp\www\kuying\Application\Admin\Controller\IndexController.class.php 第 51 行.
SQL: SHOW COLUMNS FROM `kuying_user` [ RunTime:0.003000s ]
ERR: 1146:La table 'kuying_db.kuying_user' n'existe pas
 [ SQL语句 ] : SHOW COLUMNS FROM `kuying_user`
INFO: [ view_parse ] --START--
INFO: [ template_filter ] --START--
INFO: Run Behavior\ContentReplaceBehavior [ RunTime:0.000000s ]
INFO: [ template_filter ] --END-- [ RunTime:0.000000s ]
NOTIC: [8] Undefined variable: infonum C:\wamp\www\kuying\Application\Runtime\Cache\Admin\b595b808c2ebeeeb0478ffc30bb4e87a.php 第 208 行.
INFO: Run Behavior\ParseTemplateBehavior [ RunTime:0.016001s ]
INFO: [ view_parse ] --END-- [ RunTime:0.016001s ]
INFO: [ view_filter ] --START--
INFO: Run Behavior\WriteHtmlCacheBehavior [ RunTime:0.001000s ]
INFO: [ view_filter ] --END-- [ RunTime:0.001000s ]
INFO: [ app_end ] --START--
INFO: Run Behavior\ShowPageTraceBehavior [ RunTime:0.001001s ]
INFO: [ app_end ] --END-- [ RunTime:0.001001s ]

[ 2015-01-07T21:12:55+08:00 ] 127.0.0.1 /kuying/index.php/Admin/toppic/index?_=1420636375669
INFO: [ app_init ] --START--
INFO: Run Behavior\BuildLiteBehavior [ RunTime:0.001000s ]
INFO: [ app_init ] --END-- [ RunTime:0.002000s ]
INFO: [ app_begin ] --START--
INFO: Run Behavior\ReadHtmlCacheBehavior [ RunTime:0.000000s ]
INFO: [ app_begin ] --END-- [ RunTime:0.000000s ]
NOTIC: [8192] mysql_connect(): The mysql extension is deprecated and will be removed in the future: use mysqli or PDO instead C:\wamp\www\kuying\ThinkPHP\Library\Think\Db\Driver\Mysql.class.php 第 52 行.
SQL: SHOW COLUMNS FROM `kuying_auth_group_access` [ RunTime:0.004000s ]
SQL: SELECT `rules` FROM kuying_auth_group_access a INNER JOIN kuying_auth_group g on a.group_id=g.id  WHERE ( a.uid='11' and g.status='1' )  [ RunTime:0.001000s ]
SQL: SHOW COLUMNS FROM `kuying_auth_rule` [ RunTime:0.004000s ]
SQL: SELECT `condition`,`name` FROM `kuying_auth_rule` WHERE `id` IN ('26','25','24','15','16','17','8','9','3','10','1','2','4','11','12','13') AND `type` = 1 AND `status` = 1  [ RunTime:0.000000s ]
INFO: [ view_parse ] --START--
INFO: [ template_filter ] --START--
INFO: Run Behavior\ContentReplaceBehavior [ RunTime:0.000000s ]
INFO: [ template_filter ] --END-- [ RunTime:0.000000s ]
INFO: Run Behavior\ParseTemplateBehavior [ RunTime:0.018001s ]
INFO: [ view_parse ] --END-- [ RunTime:0.018001s ]
INFO: [ view_filter ] --START--
INFO: Run Behavior\WriteHtmlCacheBehavior [ RunTime:0.000000s ]
INFO: [ view_filter ] --END-- [ RunTime:0.000000s ]
INFO: [ app_end ] --START--
INFO: Run Behavior\ShowPageTraceBehavior [ RunTime:0.000000s ]
INFO: [ app_end ] --END-- [ RunTime:0.001000s ]

[ 2015-01-07T21:12:58+08:00 ] 127.0.0.1 /kuying/index.php/Admin/Toppic/uploadimg/id/1?_=1420636378414
INFO: [ app_init ] --START--
INFO: Run Behavior\BuildLiteBehavior [ RunTime:0.000000s ]
INFO: [ app_init ] --END-- [ RunTime:0.000000s ]
INFO: [ app_begin ] --START--
INFO: Run Behavior\ReadHtmlCacheBehavior [ RunTime:0.000000s ]
INFO: [ app_begin ] --END-- [ RunTime:0.000000s ]
NOTIC: [8192] mysql_connect(): The mysql extension is deprecated and will be removed in the future: use mysqli or PDO instead C:\wamp\www\kuying\ThinkPHP\Library\Think\Db\Driver\Mysql.class.php 第 52 行.
SQL: SHOW COLUMNS FROM `kuying_auth_group_access` [ RunTime:0.003000s ]
SQL: SELECT `rules` FROM kuying_auth_group_access a INNER JOIN kuying_auth_group g on a.group_id=g.id  WHERE ( a.uid='11' and g.status='1' )  [ RunTime:0.001000s ]
SQL: SHOW COLUMNS FROM `kuying_auth_rule` [ RunTime:0.003001s ]
SQL: SELECT `condition`,`name` FROM `kuying_auth_rule` WHERE `id` IN ('26','25','24','15','16','17','8','9','3','10','1','2','4','11','12','13') AND `type` = 1 AND `status` = 1  [ RunTime:0.001000s ]
INFO: [ view_parse ] --START--
INFO: [ template_filter ] --START--
INFO: Run Behavior\ContentReplaceBehavior [ RunTime:0.000000s ]
INFO: [ template_filter ] --END-- [ RunTime:0.000000s ]
INFO: Run Behavior\ParseTemplateBehavior [ RunTime:0.010000s ]
INFO: [ view_parse ] --END-- [ RunTime:0.010000s ]
INFO: [ view_filter ] --START--
INFO: Run Behavior\WriteHtmlCacheBehavior [ RunTime:0.000000s ]
INFO: [ view_filter ] --END-- [ RunTime:0.000000s ]
INFO: [ app_end ] --START--
INFO: Run Behavior\ShowPageTraceBehavior [ RunTime:0.001000s ]
INFO: [ app_end ] --END-- [ RunTime:0.001000s ]

[ 2015-01-07T21:12:58+08:00 ] 127.0.0.1 /kuying/index.php/Admin/Index/
INFO: [ app_init ] --START--
INFO: Run Behavior\BuildLiteBehavior [ RunTime:0.000000s ]
INFO: [ app_init ] --END-- [ RunTime:0.001000s ]
INFO: [ app_begin ] --START--
INFO: Run Behavior\ReadHtmlCacheBehavior [ RunTime:0.001000s ]
INFO: [ app_begin ] --END-- [ RunTime:0.002000s ]
NOTIC: [8192] mysql_connect(): The mysql extension is deprecated and will be removed in the future: use mysqli or PDO instead C:\wamp\www\kuying\ThinkPHP\Library\Think\Db\Driver\Mysql.class.php 第 52 行.
SQL: SHOW COLUMNS FROM `kuying_auth_group_access` [ RunTime:0.004000s ]
SQL: SELECT `rules` FROM kuying_auth_group_access a INNER JOIN kuying_auth_group g on a.group_id=g.id  WHERE ( a.uid='11' and g.status='1' )  [ RunTime:0.000000s ]
SQL: SHOW COLUMNS FROM `kuying_auth_rule` [ RunTime:0.004000s ]
SQL: SELECT `condition`,`name` FROM `kuying_auth_rule` WHERE `id` IN ('26','25','24','15','16','17','8','9','3','10','1','2','4','11','12','13') AND `type` = 1 AND `status` = 1  [ RunTime:0.000000s ]
NOTIC: [8192] Function eregi() is deprecated C:\wamp\www\kuying\Application\Admin\Controller\IndexController.class.php 第 47 行.
NOTIC: [8192] Function eregi() is deprecated C:\wamp\www\kuying\Application\Admin\Controller\IndexController.class.php 第 47 行.
NOTIC: [8192] Function eregi() is deprecated C:\wamp\www\kuying\Application\Admin\Controller\IndexController.class.php 第 51 行.
NOTIC: [8192] Function eregi() is deprecated C:\wamp\www\kuying\Application\Admin\Controller\IndexController.class.php 第 51 行.
SQL: SHOW COLUMNS FROM `kuying_user` [ RunTime:0.004001s ]
ERR: 1146:La table 'kuying_db.kuying_user' n'existe pas
 [ SQL语句 ] : SHOW COLUMNS FROM `kuying_user`
INFO: [ view_parse ] --START--
INFO: [ template_filter ] --START--
INFO: Run Behavior\ContentReplaceBehavior [ RunTime:0.001001s ]
INFO: [ template_filter ] --END-- [ RunTime:0.001001s ]
NOTIC: [8] Undefined variable: infonum C:\wamp\www\kuying\Application\Runtime\Cache\Admin\b595b808c2ebeeeb0478ffc30bb4e87a.php 第 208 行.
INFO: Run Behavior\ParseTemplateBehavior [ RunTime:0.018001s ]
INFO: [ view_parse ] --END-- [ RunTime:0.018001s ]
INFO: [ view_filter ] --START--
INFO: Run Behavior\WriteHtmlCacheBehavior [ RunTime:0.000000s ]
INFO: [ view_filter ] --END-- [ RunTime:0.001000s ]
INFO: [ app_end ] --START--
INFO: Run Behavior\ShowPageTraceBehavior [ RunTime:0.001000s ]
INFO: [ app_end ] --END-- [ RunTime:0.001000s ]

[ 2015-01-07T21:13:01+08:00 ] 127.0.0.1 /kuying/index.php/Admin/Toppic/uploadify
INFO: [ app_init ] --START--
INFO: Run Behavior\BuildLiteBehavior [ RunTime:0.000000s ]
INFO: [ app_init ] --END-- [ RunTime:0.001000s ]
INFO: [ app_begin ] --START--
INFO: Run Behavior\ReadHtmlCacheBehavior [ RunTime:0.001000s ]
INFO: [ app_begin ] --END-- [ RunTime:0.001000s ]
NOTIC: [2] call_user_func() expects parameter 1 to be a valid callback, no array or string given C:\wamp\www\kuying\ThinkPHP\Library\Think\Upload.class.php 第 170 行.
INFO: [ app_end ] --START--
INFO: Run Behavior\ShowPageTraceBehavior [ RunTime:0.001000s ]
INFO: [ app_end ] --END-- [ RunTime:0.001000s ]

